Log file open, 08/30/18 17:46:14
LogWindows: Failed to load 'aqProf.dll' (GetLastError=126)
LogWindows: File 'aqProf.dll' does not exist
LogWindows: Failed to load 'VSPerf140.dll' (GetLastError=126)
LogWindows: File 'VSPerf140.dll' does not exist
LogWindows: Failed to load 'VtuneApi.dll' (GetLastError=126)
LogWindows: File 'VtuneApi.dll' does not exist
LogWindows: Failed to load 'VtuneApi32e.dll' (GetLastError=126)
LogWindows: File 'VtuneApi32e.dll' does not exist
LogInit: Display: Running engine for game: Sparrow
LogPlatformFile: Not using cached read wrapper
LogTaskGraph: Started task graph with 5 named threads and 23 total threads with 3 sets of task threads.
LogStats: Stats thread started at 0.278376
LogD3D11RHI: Loaded GFSDK_Aftermath_Lib.x64.dll
LogICUInternationalization: Display: ICU TimeZone Detection - Raw Offset: +2:00, Platform Override: ''
LogPluginManager: Mounting plugin Paper2D
LogPluginManager: Mounting plugin AISupport
LogPluginManager: Mounting plugin LightPropagationVolume
LogPluginManager: Mounting plugin CLionSourceCodeAccess
LogPluginManager: Mounting plugin CodeLiteSourceCodeAccess
LogPluginManager: Mounting plugin GitSourceControl
LogPluginManager: Mounting plugin KDevelopSourceCodeAccess
LogPluginManager: Mounting plugin NullSourceCodeAccess
LogPluginManager: Mounting plugin PerforceSourceControl
LogPluginManager: Mounting plugin SubversionSourceControl
LogPluginManager: Mounting plugin UObjectPlugin
LogPluginManager: Mounting plugin VisualStudioCodeSourceCodeAccess
LogPluginManager: Mounting plugin VisualStudioSourceCodeAccess
LogPluginManager: Mounting plugin XCodeSourceCodeAccess
LogPluginManager: Mounting plugin AssetManagerEditor
LogPluginManager: Mounting plugin CryptoKeys
LogPluginManager: Mounting plugin DataValidation
LogPluginManager: Mounting plugin FacialAnimation
LogPluginManager: Mounting plugin GameplayTagsEditor
LogPluginManager: Mounting plugin MacGraphicsSwitching
LogPluginManager: Mounting plugin MeshEditor
LogPluginManager: Mounting plugin MobileLauncherProfileWizard
LogPluginManager: Mounting plugin PluginBrowser
LogPluginManager: Mounting plugin SpeedTreeImporter
LogPluginManager: Mounting plugin DatasmithContent
LogPluginManager: Mounting plugin AlembicImporter
LogPluginManager: Mounting plugin AppleImageUtils
LogPluginManager: Mounting plugin AppleVision
LogPluginManager: Mounting plugin BackChannel
LogPluginManager: Mounting plugin CharacterAI
LogPluginManager: Mounting plugin GeometryCache
LogPluginManager: Mounting plugin HTML5Networking
LogPluginManager: Mounting plugin ProxyLODPlugin
LogPluginManager: Mounting plugin MagicLeap
LogPluginManager: Mounting plugin MagicLeapEmulator
LogPluginManager: Mounting plugin MagicLeapMedia
LogPluginManager: Mounting plugin AndroidMedia
LogPluginManager: Mounting plugin AvfMedia
LogPluginManager: Mounting plugin ImgMedia
LogPluginManager: Mounting plugin LinearTimecode
LogPluginManager: Mounting plugin MediaCompositing
LogPluginManager: Mounting plugin MediaPlayerEditor
LogPluginManager: Mounting plugin WmfMedia
LogPluginManager: Mounting plugin TcpMessaging
LogPluginManager: Mounting plugin UdpMessaging
LogPluginManager: Mounting plugin ActorSequence
LogPluginManager: Mounting plugin LevelSequenceEditor
LogPluginManager: Mounting plugin MatineeToLevelSequence
LogPluginManager: Mounting plugin NetcodeUnitTest
LogPluginManager: Mounting plugin NUTUnrealEngine4
LogPluginManager: Mounting plugin OnlineSubsystemGooglePlay
LogPluginManager: Mounting plugin OnlineSubsystemIOS
LogPluginManager: Mounting plugin OnlineSubsystem
LogPluginManager: Mounting plugin OnlineSubsystemNull
LogPluginManager: Mounting plugin OnlineSubsystemUtils
LogPluginManager: Mounting plugin LauncherChunkInstaller
LogPluginManager: Mounting plugin AndroidDeviceProfileSelector
LogPluginManager: Mounting plugin AndroidMoviePlayer
LogPluginManager: Mounting plugin AndroidPermission
LogPluginManager: Mounting plugin AppleMoviePlayer
LogPluginManager: Mounting plugin ArchVisCharacter
LogPluginManager: Mounting plugin AudioCapture
LogPluginManager: Mounting plugin CableComponent
LogPluginManager: Mounting plugin CustomMeshComponent
LogPluginManager: Mounting plugin EditableMesh
LogPluginManager: Mounting plugin ExampleDeviceProfileSelector
LogPluginManager: Mounting plugin GoogleCloudMessaging
LogPluginManager: Mounting plugin ImmediatePhysics
LogPluginManager: Mounting plugin IOSDeviceProfileSelector
LogPluginManager: Mounting plugin LinuxDeviceProfileSelector
LogPluginManager: Mounting plugin LocationServicesBPLibrary
LogPluginManager: Mounting plugin MobilePatchingUtils
LogPluginManager: Mounting plugin OculusVR
LogPluginManager: Plugin shader directory ../../../Engine/Plugins/Runtime/Oculus/OculusVR/Shaders found
LogPluginManager: Mapping shader source directory ../../../Engine/Plugins/Runtime/Oculus/OculusVR/Shaders to virtual directory /Plugin/OculusVR
LogPluginManager: Mounting plugin PhysXVehicles
LogPluginManager: Mounting plugin ProceduralMeshComponent
LogPluginManager: Mounting plugin RuntimePhysXCooking
LogPluginManager: Mounting plugin SteamVR
LogPluginManager: Mounting plugin WindowsMoviePlayer
LogStreaming: Display: Took  0.189s to configure plugins.
LogInit: Using libcurl 7.55.1-DEV
LogInit:  - built for x86_64-pc-win32
LogInit:  - supports SSL with OpenSSL/1.0.2h
LogInit:  - supports HTTP deflate (compression) using libz 1.2.8
LogInit:  - other features:
LogInit:      CURL_VERSION_SSL
LogInit:      CURL_VERSION_LIBZ
LogInit:      CURL_VERSION_IPV6
LogInit:      CURL_VERSION_ASYNCHDNS
LogInit:      CURL_VERSION_LARGEFILE
LogInit:      CURL_VERSION_IDN
LogInit:  CurlRequestOptions (configurable via config and command line):
LogInit:  - bVerifyPeer = false  - Libcurl will NOT verify peer certificate
LogInit:  - bUseHttpProxy = false  - Libcurl will NOT use HTTP proxy
LogInit:  - bDontReuseConnections = false  - Libcurl will reuse connections
LogInit:  - CertBundlePath = nullptr  - Libcurl will use whatever was configured at build time.
LogInit:  - MaxHostConnections = 16  - Libcurl will limit the number of connections to a host
LogInit:  - LocalHostAddr = Default
LogInit:  - BufferSize = 65536
LogInit: WinSock: version 1.1 (2.2), MaxSocks=32767, MaxUdp=65467
LogInit: Build: ++UE4+Release-4.20-CL-4233996
LogInit: Engine Version: 4.20.1-4233996+++UE4+Release-4.20
LogInit: Compatible Engine Version: 4.20.0-4212847+++UE4+Release-4.20
LogInit: Net CL: 4212847
LogInit: OS: Windows 10 (), CPU: Intel(R) Core(TM) i7-4720HQ CPU @ 2.60GHz, GPU: Intel(R) HD Graphics 4600
LogInit: Compiled (64-bit): Jul 26 2018 10:07:30
LogInit: Compiled with Visual C++: 19.13.26129.00
LogInit: Build Configuration: Development
LogInit: Branch Name: ++UE4+Release-4.20
LogInit: Command Line:  
LogInit: Base Directory: C:/Program Files/Epic Games/UE_4.20/Engine/Binaries/Win64/
LogInit: Installed Engine Build: 1
LogDevObjectVersion: Number of dev versions registered: 20
LogDevObjectVersion:   Dev-Blueprints (B0D832E4-1F89-4F0D-ACCF-7EB736FD4AA2): 10
LogDevObjectVersion:   Dev-Build (E1C64328-A22C-4D53-A36C-8E866417BD8C): 0
LogDevObjectVersion:   Dev-Core (375EC13C-06E4-48FB-B500-84F0262A717E): 2
LogDevObjectVersion:   Dev-Editor (E4B068ED-F494-42E9-A231-DA0B2E46BB41): 24
LogDevObjectVersion:   Dev-Framework (CFFC743F-43B0-4480-9391-14DF171D2073): 34
LogDevObjectVersion:   Dev-Mobile (B02B49B5-BB20-44E9-A304-32B752E40360): 2
LogDevObjectVersion:   Dev-Networking (A4E4105C-59A1-49B5-A7C5-40C4547EDFEE): 0
LogDevObjectVersion:   Dev-Online (39C831C9-5AE6-47DC-9A44-9C173E1C8E7C): 0
LogDevObjectVersion:   Dev-Physics (78F01B33-EBEA-4F98-B9B4-84EACCB95AA2): 0
LogDevObjectVersion:   Dev-Platform (6631380F-2D4D-43E0-8009-CF276956A95A): 0
LogDevObjectVersion:   Dev-Rendering (12F88B9F-8875-4AFC-A67C-D90C383ABD29): 26
LogDevObjectVersion:   Dev-Sequencer (7B5AE74C-D270-4C10-A958-57980B212A5A): 9
LogDevObjectVersion:   Dev-VR (D7296918-1DD6-4BDD-9DE2-64A83CC13884): 2
LogDevObjectVersion:   Dev-LoadTimes (C2A15278-BFE7-4AFE-6C17-90FF531DF755): 1
LogDevObjectVersion:   Private-Geometry (6EACA3D4-40EC-4CC1-B786-8BED09428FC5): 3
LogDevObjectVersion:   Dev-AnimPhys (29E575DD-E0A3-4627-9D10-D276232CDCEA): 17
LogDevObjectVersion:   Dev-ReflectionCapture (6B266CEC-1EC7-4B8F-A30B-E4D90942FC07): 1
LogDevObjectVersion:   Dev-Automation (0DF73D61-A23F-47EA-B727-89E90C41499A): 1
LogDevObjectVersion:   FortniteMain (601D1886-AC64-4F84-AA16-D3DE0DEAC7D6): 12
LogDevObjectVersion:   Dev-Enterprise (9DFFBCD6-494F-0158-E221-12823C92A888): 1
LogStreaming: Display: Took  0.000s to delete old logs.
LogInit: Presizing for max 8388607 objects, including 0 objects not considered by GC, pre-allocating 0 bytes for permanent pool.
LogInit: Object subsystem initialized
[2018.08.30-14.46.14:528][  0]LogInit: Selected Device Profile: [Windows]
[2018.08.30-14.46.14:528][  0]LogInit: Applying CVar settings loaded from the selected device profile: [Windows]
[2018.08.30-14.46.14:608][  0]LogHAL: Display: Platform has ~ 12 GB [12768567296 / 17179869184 / 12], which maps to Larger [LargestMinGB=32, LargerMinGB=12, DefaultMinGB=8, SmallerMinGB=6, SmallestMinGB=0)
[2018.08.30-14.46.14:608][  0]LogInit: Setting Device Profile CVar: [[r.Vulkan.UseRealUBs:1]]
[2018.08.30-14.46.14:608][  0]LogInit: Going up to parent DeviceProfile []
[2018.08.30-14.46.14:608][  0]LogInit: Computer: DESKTOP-IL0TK65
[2018.08.30-14.46.14:608][  0]LogInit: User: Mert
[2018.08.30-14.46.14:608][  0]LogInit: CPU Page size=4096, Cores=4
[2018.08.30-14.46.14:608][  0]LogInit: High frequency timer resolution =2.533208 MHz
[2018.08.30-14.46.14:608][  0]LogMemory: Memory total: Physical=11.9GB (12GB approx)
[2018.08.30-14.46.14:608][  0]LogMemory: Platform Memory Stats for Windows
[2018.08.30-14.46.14:608][  0]LogMemory: Process Physical Memory: 99.43 MB used, 99.43 MB peak
[2018.08.30-14.46.14:608][  0]LogMemory: Process Virtual Memory: 90.95 MB used, 90.95 MB peak
[2018.08.30-14.46.14:608][  0]LogMemory: Physical Memory: 5195.73 MB used,  6981.32 MB free, 12177.05 MB total
[2018.08.30-14.46.14:608][  0]LogMemory: Virtual Memory: 4640.10 MB used,  6981.32 MB free, 134217728.00 MB total
[2018.08.30-14.46.14:621][  0]LogInit: Using OS detected language (tr-TR).
[2018.08.30-14.46.14:621][  0]LogInit: Using OS detected locale (tr-TR).
[2018.08.30-14.46.14:622][  0]LogTextLocalizationManager: No localization for 'tr-TR' exists, so 'en' will be used for the language.
[2018.08.30-14.46.14:991][  0]LogStreaming: Display: Took  0.370s to InitEngineTextLocalization.
[2018.08.30-14.46.14:992][  0]LogInit: Setting process to per monitor DPI aware
[2018.08.30-14.46.15:022][  0]LogSlate: New Slate User Created.  User Index 0, Is Virtual User: 0
[2018.08.30-14.46.15:022][  0]LogSlate: Slate User Registered.  User Index 0, Is Virtual User: 0
[2018.08.30-14.46.15:211][  0]LogHMD: Failed to initialize OpenVR with code 110
[2018.08.30-14.46.15:211][  0]LogD3D11RHI: D3D11 adapters:
[2018.08.30-14.46.15:254][  0]LogD3D11RHI:    0. 'NVIDIA GeForce GTX 950M' (Feature Level 11_0)
[2018.08.30-14.46.15:254][  0]LogD3D11RHI:       4055/0/6088 MB DedicatedVideo/DedicatedSystem/SharedSystem, Outputs:1, VendorId:0x10de
[2018.08.30-14.46.15:260][  0]LogD3D11RHI:    1. 'Intel(R) HD Graphics 4600' (Feature Level 11_0)
[2018.08.30-14.46.15:260][  0]LogD3D11RHI:       112/0/2048 MB DedicatedVideo/DedicatedSystem/SharedSystem, Outputs:0, VendorId:0x8086
[2018.08.30-14.46.15:262][  0]LogD3D11RHI:    2. 'Microsoft Basic Render Driver' (Feature Level 11_0)
[2018.08.30-14.46.15:262][  0]LogD3D11RHI:       0/0/6088 MB DedicatedVideo/DedicatedSystem/SharedSystem, Outputs:0, VendorId:0x1414
[2018.08.30-14.46.15:262][  0]LogD3D11RHI: Chosen D3D11 Adapter: 0
[2018.08.30-14.46.15:277][  0]LogD3D11RHI: Creating new Direct3DDevice
[2018.08.30-14.46.15:277][  0]LogD3D11RHI:     GPU DeviceId: 0x139a (for the marketing name, search the web for "GPU Device Id")
[2018.08.30-14.46.15:277][  0]LogWindows: EnumDisplayDevices:
[2018.08.30-14.46.15:277][  0]LogWindows:    0. 'Intel(R) HD Graphics 4600' (P:1 D:1)
[2018.08.30-14.46.15:278][  0]LogWindows:    1. 'Intel(R) HD Graphics 4600' (P:0 D:0)
[2018.08.30-14.46.15:278][  0]LogWindows:    2. 'Intel(R) HD Graphics 4600' (P:0 D:0)
[2018.08.30-14.46.15:278][  0]LogWindows: DebugString: PrimaryIsNotTheChoosenAdapter PrimaryIsNotTheChoosenAdapter PrimaryIsNotTheChoosenAdapter FoundDriverCount:0 
[2018.08.30-14.46.15:278][  0]LogD3D11RHI:     Adapter Name: NVIDIA GeForce GTX 950M
[2018.08.30-14.46.15:278][  0]LogD3D11RHI:   Driver Version: Unknown (internal:Unknown, unified:Unknown)
[2018.08.30-14.46.15:278][  0]LogD3D11RHI:      Driver Date: Unknown
[2018.08.30-14.46.15:278][  0]LogRHI: Texture pool is 2839 MB (70% of 4055 MB)
[2018.08.30-14.46.15:308][  0]LogD3D11RHI: Async texture creation enabled
[2018.08.30-14.46.15:325][  0]LogD3D11RHI: GPU Timing Frequency: 1000.000000 (Debug: 2 2)
[2018.08.30-14.46.15:325][  0]LogShaderCompilers: Guid format shader working directory is 5 characters bigger than the processId version (D:/UnrealProject/SparrowGame/SparrowGame/Intermediate/Shaders/WorkingDirectory/9180/).
[2018.08.30-14.46.15:325][  0]LogShaderCompilers: Cleaned the shader compiler working directory 'C:/Users/Mert/AppData/Local/Temp/UnrealShaderWorkingDir/BE4C92C345AB0128D04DFB8432C2CCB7/'.
[2018.08.30-14.46.15:568][  0]LogTemp: Display: Loaded TP AllDesktopTargetPlatform
[2018.08.30-14.46.15:581][  0]LogTemp: Display: Loaded TP MacClientTargetPlatform
[2018.08.30-14.46.15:594][  0]LogTemp: Display: Loaded TP MacNoEditorTargetPlatform
[2018.08.30-14.46.15:607][  0]LogTemp: Display: Loaded TP MacServerTargetPlatform
[2018.08.30-14.46.15:619][  0]LogTemp: Display: Loaded TP MacTargetPlatform
[2018.08.30-14.46.15:632][  0]LogTemp: Display: Loaded TP WindowsClientTargetPlatform
[2018.08.30-14.46.15:645][  0]LogTemp: Display: Loaded TP WindowsNoEditorTargetPlatform
[2018.08.30-14.46.15:658][  0]LogTemp: Display: Loaded TP WindowsServerTargetPlatform
[2018.08.30-14.46.15:664][  0]LogTemp: Display: Loaded TP WindowsTargetPlatform
[2018.08.30-14.46.15:738][  0]LogTemp: Display: Loaded TP AndroidTargetPlatform
[2018.08.30-14.46.15:738][  0]LogTemp: Display: Loaded TP AndroidTargetPlatform
[2018.08.30-14.46.15:738][  0]LogTemp: Display: Loaded TP AndroidTargetPlatform
[2018.08.30-14.46.15:738][  0]LogTemp: Display: Loaded TP AndroidTargetPlatform
[2018.08.30-14.46.15:738][  0]LogTemp: Display: Loaded TP AndroidTargetPlatform
[2018.08.30-14.46.15:738][  0]LogTemp: Display: Loaded TP AndroidTargetPlatform
[2018.08.30-14.46.15:738][  0]LogTemp: Display: Loaded TP AndroidTargetPlatform
[2018.08.30-14.46.15:738][  0]LogTemp: Display: Loaded TP AndroidTargetPlatform
[2018.08.30-14.46.15:738][  0]LogTemp: Display: Loaded TP AndroidTargetPlatform
[2018.08.30-14.46.15:738][  0]LogTemp: Display: Loaded TP AndroidTargetPlatform
[2018.08.30-14.46.15:738][  0]LogTemp: Display: Loaded TP AndroidTargetPlatform
[2018.08.30-14.46.15:738][  0]LogTemp: Display: Loaded TP AndroidTargetPlatform
[2018.08.30-14.46.15:738][  0]LogTemp: Display: Loaded TP AndroidTargetPlatform
[2018.08.30-14.46.15:738][  0]LogTemp: Display: Loaded TP AndroidTargetPlatform
[2018.08.30-14.46.15:738][  0]LogTemp: Display: Loaded TP AndroidTargetPlatform
[2018.08.30-14.46.15:738][  0]LogTemp: Display: Loaded TP AndroidTargetPlatform
[2018.08.30-14.46.15:738][  0]LogTemp: Display: Loaded TP AndroidTargetPlatform
[2018.08.30-14.46.15:738][  0]LogTemp: Display: Loaded TP AndroidTargetPlatform
[2018.08.30-14.46.15:740][  0]LogTemp: Display: Loaded TP HTML5TargetPlatform
[2018.08.30-14.46.15:798][  0]LogTemp: Display: Loaded TP IOSTargetPlatform
[2018.08.30-14.46.15:798][  0]LogTemp: Display: Loaded TP IOSTargetPlatform
[2018.08.30-14.46.15:821][  0]LogTemp: Display: Loaded TP TVOSTargetPlatform
[2018.08.30-14.46.15:821][  0]LogTemp: Display: Loaded TP TVOSTargetPlatform
[2018.08.30-14.46.15:833][  0]LogTemp: Display: Loaded TP LinuxClientTargetPlatform
[2018.08.30-14.46.15:844][  0]LogTemp: Display: Loaded TP LinuxNoEditorTargetPlatform
[2018.08.30-14.46.15:856][  0]LogTemp: Display: Loaded TP LinuxServerTargetPlatform
[2018.08.30-14.46.15:869][  0]LogTemp: Display: Loaded TP LinuxTargetPlatform
[2018.08.30-14.46.15:878][  0]LogTemp: Display: Loaded TP LuminTargetPlatform
[2018.08.30-14.46.15:878][  0]LogTargetPlatformManager: Display: Building Assets For Windows
[2018.08.30-14.46.15:935][  0]LogXGEController: Cleaning working directory: C:/Users/Mert/AppData/Local/Temp/UnrealXGEWorkingDir/
[2018.08.30-14.46.15:935][  0]LogXGEController: Cannot use XGE Controller as Incredibuild is not installed on this machine.
[2018.08.30-14.46.15:935][  0]LogShaderCompilers: Cannot use XGE Shader Compiler as Incredibuild is not installed on this machine.
[2018.08.30-14.46.15:935][  0]LogShaderCompilers: Display: Using Local Shader Compiler.
[2018.08.30-14.46.16:655][  0]LogDerivedDataCache: Display: Max Cache Size: 512 MB
[2018.08.30-14.46.16:713][  0]LogDerivedDataCache: Loaded boot cache 0.06s 71MB C:/Users/Mert/AppData/Local/UnrealEngine/4.20/DerivedDataCache/Boot.ddc.
[2018.08.30-14.46.16:713][  0]LogDerivedDataCache: Display: Loaded Boot cache: C:/Users/Mert/AppData/Local/UnrealEngine/4.20/DerivedDataCache/Boot.ddc
[2018.08.30-14.46.16:713][  0]LogDerivedDataCache: FDerivedDataBackendGraph:  Pak pak cache file D:/UnrealProject/SparrowGame/SparrowGame/DerivedDataCache/DDC.ddp not found, will not use a pak cache.
[2018.08.30-14.46.16:713][  0]LogDerivedDataCache: Unable to find inner node Pak for hierarchical cache Hierarchy.
[2018.08.30-14.46.16:713][  0]LogDerivedDataCache: FDerivedDataBackendGraph:  CompressedPak pak cache file D:/UnrealProject/SparrowGame/SparrowGame/DerivedDataCache/Compressed.ddp not found, will not use a pak cache.
[2018.08.30-14.46.16:713][  0]LogDerivedDataCache: Unable to find inner node CompressedPak for hierarchical cache Hierarchy.
[2018.08.30-14.46.16:726][  0]LogDerivedDataCache: Display: Pak cache opened for reading ../../../Engine/DerivedDataCache/Compressed.ddp.
[2018.08.30-14.46.16:738][  0]LogDerivedDataCache: Using Local data cache path C:/Users/Mert/AppData/Local/UnrealEngine/Common/DerivedDataCache: Writable
[2018.08.30-14.46.16:738][  0]LogDerivedDataCache: Shared data cache path not found in *engine.ini, will not use an Shared cache.
[2018.08.30-14.46.16:738][  0]LogDerivedDataCache: Unable to find inner node Shared for hierarchical cache Hierarchy.
[2018.08.30-14.46.16:756][  0]LogMaterial: Verifying Global Shaders for PCD3D_SM5
[2018.08.30-14.46.16:758][  0]LogSlate: Using FreeType 2.6.0
[2018.08.30-14.46.16:758][  0]LogSlate: SlateFontServices - WITH_FREETYPE: 1, WITH_HARFBUZZ: 1
[2018.08.30-14.46.16:831][  0]LogAssetRegistry: FAssetRegistry took 0.0259 seconds to start up
[2018.08.30-14.46.17:143][  0]LogInit: Selected Device Profile: [Windows]
[2018.08.30-14.46.17:271][  0]LogSimplygon: Simplygon DLL not present - disabling.
[2018.08.30-14.46.17:274][  0]LogMeshReduction: Using SimplygonSwarm for distributed automatic mesh merging
[2018.08.30-14.46.17:274][  0]LogMeshReduction: Using ProxyLODMeshReduction for automatic mesh merging
[2018.08.30-14.46.17:275][  0]LogMeshReduction: Using QuadricMeshReduction for automatic static mesh reduction
[2018.08.30-14.46.17:275][  0]LogMeshReduction: No automatic skeletal mesh reduction module available
[2018.08.30-14.46.17:287][  0]LogNetVersion: Sparrow 1.0.0, NetCL: 4212847, EngineNetVer: 5, GameNetVer: 0 (Checksum: 1476433335)
[2018.08.30-14.46.17:727][  0]LogPackageLocalizationCache: Processed 11 localized package path(s) for 1 prioritized culture(s) in 0.045117 seconds
[2018.08.30-14.46.17:734][  0]LogUObjectArray: 38425 objects as part of root set at end of initial load.
[2018.08.30-14.46.17:734][  0]LogUObjectAllocator: 6690864 out of 0 bytes used by permanent object pool.
[2018.08.30-14.46.17:734][  0]LogUObjectArray: CloseDisregardForGC: 0/0 objects in disregard for GC pool
[2018.08.30-14.46.18:592][  0]LogTcpMessaging: Initializing TcpMessaging bridge
[2018.08.30-14.46.18:605][  0]LogUdpMessaging: Initializing bridge on interface 0.0.0.0:0 to multicast group 230.0.0.1:6666.
[2018.08.30-14.46.18:758][  0]SourceControl: Source control is disabled
[2018.08.30-14.46.18:758][  0]SourceControl: Source control is disabled
[2018.08.30-14.46.18:760][  0]SourceControl: Source control is disabled
[2018.08.30-14.46.18:761][  0]SourceControl: Source control is disabled
[2018.08.30-14.46.18:921][  0]LogAndroidPermission: UAndroidPermissionCallbackProxy::GetInstance
[2018.08.30-14.46.18:986][  0]LogOcInput: OculusInput pre-init called
[2018.08.30-14.46.19:046][  0]LogEngine: Initializing Engine...
[2018.08.30-14.46.19:046][  0]LogHMD: Failed to initialize OpenVR with code 110
[2018.08.30-14.46.19:048][  0]LogStats: UGameplayTagsManager::ConstructGameplayTagTree: ImportINI prefixes -  0.000 s
[2018.08.30-14.46.19:048][  0]LogStats: UGameplayTagsManager::ConstructGameplayTagTree: Construct from data asset -  0.000 s
[2018.08.30-14.46.19:048][  0]LogStats: UGameplayTagsManager::ConstructGameplayTagTree: ImportINI -  0.000 s
[2018.08.30-14.46.19:048][  0]LogStats: UGameplayTagsManager::ConstructGameplayTagTree: GameplayTagTreeChangedEvent.Broadcast -  0.000 s
[2018.08.30-14.46.19:276][  0]LogInit: Initializing FReadOnlyCVARCache
[2018.08.30-14.46.19:290][  0]LogAIModule: Creating AISystem for world Untitled
[2018.08.30-14.46.19:301][  0]LogInit: XAudio2 using 'Kulaklıklar (MDR-ZX220BT Stereo)' : 2 channels at 44.1 kHz using 16 bits per sample (channel mask 0x3)
[2018.08.30-14.46.19:310][  0]LogInit: FAudioDevice initialized.
[2018.08.30-14.46.19:310][  0]LogNetVersion: Set ProjectVersion to 1.0.0.0. Version Checksum will be recalculated on next use.
[2018.08.30-14.46.19:456][  0]LogDerivedDataCache: Saved boot cache 0.15s 71MB C:/Users/Mert/AppData/Local/UnrealEngine/4.20/DerivedDataCache/Boot.ddc.
[2018.08.30-14.46.19:460][  0]LogInit: Texture streaming: Enabled
[2018.08.30-14.46.19:477][  0]LogEngineSessionManager: EngineSessionManager initialized
[2018.08.30-14.46.19:491][  0]LogInit: Transaction tracking system initialized
[2018.08.30-14.46.19:523][  0]BlueprintLog: New page: Editor Load
[2018.08.30-14.46.19:662][  0]LocalizationService: Localization service is disabled
[2018.08.30-14.46.20:737][  0]LogCook: Display: Max memory allowance for cook 16384mb min free memory 0mb
[2018.08.30-14.46.20:737][  0]LogCook: Display: Mobile HDR setting 1
[2018.08.30-14.46.20:737][  0]LogFileCache: Scanning file cache for directory 'D:/UnrealProject/SparrowGame/SparrowGame/Content/' took 0.01s
[2018.08.30-14.46.20:737][  0]LogGameplayTags: Display: UGameplayTagsManager::DoneAddingNativeTags. DelegateIsBound: 0
[2018.08.30-14.46.20:737][  0]LogStats: UGameplayTagsManager::ConstructGameplayTagTree: ImportINI prefixes -  0.000 s
[2018.08.30-14.46.20:737][  0]LogStats: UGameplayTagsManager::ConstructGameplayTagTree: Construct from data asset -  0.000 s
[2018.08.30-14.46.20:737][  0]LogStats: UGameplayTagsManager::ConstructGameplayTagTree: ImportINI -  0.000 s
[2018.08.30-14.46.20:737][  0]LogStats: UGameplayTagsManager::ConstructGameplayTagTree: GameplayTagTreeChangedEvent.Broadcast -  0.000 s
[2018.08.30-14.46.20:857][  0]SourceControl: Source control is disabled
[2018.08.30-14.46.20:857][  0]Cmd: MAP LOAD FILE="../../../Engine/Content/Maps/Templates/Template_Default.umap" TEMPLATE=1 SHOWPROGRESS=1 FEATURELEVEL=3
[2018.08.30-14.46.20:857][  0]LightingResults: New page: Lighting Build
[2018.08.30-14.46.20:860][  0]MapCheck: New page: Map Check
[2018.08.30-14.46.20:860][  0]LightingResults: New page: Lighting Build
[2018.08.30-14.46.21:064][  0]LogAIModule: Creating AISystem for world Untitled_1
[2018.08.30-14.46.21:071][  0]LogEditorServer: Finished looking for orphan Actors (0.000 secs)
[2018.08.30-14.46.21:095][  0]Cmd: MAP CHECKDEP NOCLEARLOG
[2018.08.30-14.46.21:156][  0]MapCheck: Map check complete: 0 Error(s), 0 Warning(s), took 60,368ms to complete.
[2018.08.30-14.46.21:156][  0]LogFileHelpers: Loading map 'Template_Default' took 0.299
[2018.08.30-14.46.21:246][  0]LogSlate: Updating window title bar state: overlay mode, drag disabled, window buttons hidden, title bar hidden
[2018.08.30-14.46.21:253][  0]LogSlate: Updating window title bar state: overlay mode, drag disabled, window buttons hidden, title bar hidden
[2018.08.30-14.46.21:264][  0]LogSlate: Updating window title bar state: overlay mode, drag disabled, window buttons hidden, title bar hidden
[2018.08.30-14.46.21:273][  0]LogSlate: Updating window title bar state: overlay mode, drag disabled, window buttons hidden, title bar hidden
[2018.08.30-14.46.21:281][  0]LogCollectionManager: Loaded 0 collections in 0.001818 seconds
[2018.08.30-14.46.21:321][  0]LogFileCache: Scanning file cache for directory 'D:/UnrealProject/SparrowGame/SparrowGame/Saved/Collections/' took 0.01s
[2018.08.30-14.46.21:321][  0]LogFileCache: Scanning file cache for directory 'D:/UnrealProject/SparrowGame/SparrowGame/Content/Developers/Mert/Collections/' took 0.01s
[2018.08.30-14.46.21:321][  0]LogFileCache: Scanning file cache for directory 'D:/UnrealProject/SparrowGame/SparrowGame/Content/Collections/' took 0.01s
[2018.08.30-14.46.21:321][  0]LogCollectionManager: Rebuilt the GUID cache for 0 collections in 0.000000 seconds
[2018.08.30-14.46.21:330][  0]LogContentBrowser: Native class hierarchy populated in 0.0096 seconds. Added 2572 classes and 603 folders.
[2018.08.30-14.46.21:337][  0]LogContentBrowser: Native class hierarchy updated for 'WidgetCarousel' in 0.0003 seconds. Added 0 classes and 0 folders.
[2018.08.30-14.46.21:378][  0]LogContentBrowser: Native class hierarchy updated for 'AddContentDialog' in 0.0003 seconds. Added 0 classes and 0 folders.
[2018.08.30-14.46.21:382][  0]LogContentBrowser: Native class hierarchy updated for 'SceneOutliner' in 0.0003 seconds. Added 1 classes and 2 folders.
[2018.08.30-14.46.21:479][  0]LogContentBrowser: Native class hierarchy updated for 'HierarchicalLODOutliner' in 0.0003 seconds. Added 0 classes and 0 folders.
[2018.08.30-14.46.21:479][  0]LogLoad: (Engine Initialization) Total time: 8.76 seconds
[2018.08.30-14.46.21:479][  0]LogLoad: (Engine Initialization) Total Blueprint compile time: 0.00 seconds
[2018.08.30-14.46.21:488][  0]LogWindowsTextInputMethodSystem: Display: IME system now deactivated.
[2018.08.30-14.46.21:511][  0]LogContentStreaming: Texture pool size now 3000 MB
[2018.08.30-14.46.21:550][  0]LogSlate: Took 0.000188 seconds to synchronously load lazily loaded font '../../../Engine/Content/Slate/Fonts/Roboto-Regular.ttf' (155K)
[2018.08.30-14.46.21:553][  0]LogSlate: Took 0.000139 seconds to synchronously load lazily loaded font '../../../Engine/Content/Slate/Fonts/Roboto-Bold.ttf' (160K)
[2018.08.30-14.46.21:555][  0]LogSlate: Took 0.000169 seconds to synchronously load lazily loaded font '../../../Engine/Content/Editor/Slate/Fonts/FontAwesome.ttf' (139K)
[2018.08.30-14.46.21:656][  1]LogRenderer: Reallocating scene render targets to support 872x280 Format 10 NumSamples 1 (Frame:1).
[2018.08.30-14.46.21:657][  1]LogAssetRegistry: Asset discovery search completed in 4.8476 seconds
[2018.08.30-14.46.21:659][  1]LogCollectionManager: Rebuilt the object cache for 0 collections in 0.000000 seconds (found 0 objects)
[2018.08.30-14.46.21:659][  1]LogCollectionManager: Fixed up redirectors for 0 collections in 0.000070 seconds (updated 0 objects)
[2018.08.30-14.46.29:859][440]LogSlate: FSceneViewport::OnFocusLost() reason 0
[2018.08.30-14.46.30:010][454]LogRenderer: Reallocating scene render targets to support 932x288 Format 10 NumSamples 1 (Frame:429).
[2018.08.30-14.46.43:317][979]LogSlate: Took 0.000212 seconds to synchronously load lazily loaded font '../../../Engine/Content/Slate/Fonts/Roboto-Light.ttf' (167K)
[2018.08.30-14.49.39:844][157]LogSlate: Took 0.000253 seconds to synchronously load lazily loaded font '../../../Engine/Content/Slate/Fonts/Roboto-Light.ttf' (167K)
[2018.08.30-14.49.43:862][157]LogSlate: Window 'Pick Parent Class' being destroyed
[2018.08.30-14.51.55:541][623]LogSlate: FSceneViewport::OnFocusLost() reason 0
[2018.08.30-14.52.18:571][295]LogSlate: Window 'Pick Parent Class' being destroyed
[2018.08.30-14.52.25:454][ 83]LogAssetEditorManager: Opening Asset editor for Blueprint /Game/Bluprints/Characters/BasicCharacterterObject.BasicCharacterterObject
[2018.08.30-14.52.26:461][ 83]LogContentBrowser: Native class hierarchy updated for 'BlueprintGraph' in 0.0007 seconds. Added 116 classes and 0 folders.
[2018.08.30-14.52.28:518][ 83]LogRenderer: Reallocating scene render targets to support 932x444 Format 10 NumSamples 1 (Frame:1).
[2018.08.30-14.52.29:875][191]LogSlate: Window 'BasicCharacterterObject*' being destroyed
[2018.08.30-14.52.32:637][345]LogSlate: Window 'Delete Assets' being destroyed
[2018.08.30-14.52.44:697][613]LogFactory: FactoryCreateFile: PackFactory with PackFactory (0 0 C:/Program Files/Epic Games/UE_4.20/FeaturePacks/TP_ThirdPersonBP.upack)
[2018.08.30-14.52.44:842][613]LogPackFactory: Finished extracting 8 files (including 0 errors).
[2018.08.30-14.52.44:877][613]LogPackFactory: Copied "../../../Templates/TP_ThirdPersonBP/Content/ThirdPersonBP/ThirdPersonOverview.uasset" to "D:/UnrealProject/SparrowGame/SparrowGame/Content/ThirdPersonBP/ThirdPersonOverview.uasset"
[2018.08.30-14.52.44:894][613]LogPackFactory: Copied "../../../Templates/TP_ThirdPersonBP/Content/ThirdPersonBP/Blueprints/ThirdPersonCharacter.uasset" to "D:/UnrealProject/SparrowGame/SparrowGame/Content/ThirdPersonBP/Blueprints/ThirdPersonCharacter.uasset"
[2018.08.30-14.52.44:916][613]LogPackFactory: Copied "../../../Templates/TP_ThirdPersonBP/Content/ThirdPersonBP/Blueprints/ThirdPersonGameMode.uasset" to "D:/UnrealProject/SparrowGame/SparrowGame/Content/ThirdPersonBP/Blueprints/ThirdPersonGameMode.uasset"
[2018.08.30-14.52.45:020][613]LogPackFactory: Copied "../../../Templates/TP_ThirdPersonBP/Content/ThirdPersonBP/Maps/ThirdPersonExampleMap.umap" to "D:/UnrealProject/SparrowGame/SparrowGame/Content/ThirdPersonBP/Maps/ThirdPersonExampleMap.umap"
[2018.08.30-14.52.45:066][613]LogPackFactory: Copied "../../../Templates/TP_ThirdPersonBP/Content/ThirdPersonBP/Maps/ThirdPersonExampleMap_BuiltData.uasset" to "D:/UnrealProject/SparrowGame/SparrowGame/Content/ThirdPersonBP/Maps/ThirdPersonExampleMap_BuiltData.uasset"
[2018.08.30-14.52.45:155][613]Cmd: OBJ SAVEPACKAGE PACKAGE="/Game/ThirdPersonBP/ThirdPersonOverview" FILE="D:/UnrealProject/SparrowGame/SparrowGame/Content/ThirdPersonBP/ThirdPersonOverview.uasset" SILENT=true
[2018.08.30-14.52.45:312][613]LogSavePackage: Moving 'D:/UnrealProject/SparrowGame/SparrowGame/Saved/ThirdPersonOverviewBACE17454191C6B3E502DFB8CD8A2B9F.tmp' to 'D:/UnrealProject/SparrowGame/SparrowGame/Content/ThirdPersonBP/ThirdPersonOverview.uasset'
[2018.08.30-14.52.47:784][895]LogSlate: Window 'Add Content to the Project' being destroyed
[2018.08.30-14.52.50:992][163]LogSlate: Window 'Delete Assets' being destroyed
[2018.08.30-14.52.57:028][868]LogSlate: Prevented a slow task dialog from being summoned while a context menu was open
[2018.08.30-14.52.57:637][868]LogAIModule: Creating AISystem for world ThirdPersonExampleMap
[2018.08.30-14.52.58:884][868]LogSlate: Window 'Delete Assets' being destroyed
[2018.08.30-14.53.20:075][808]LogMetaData: Removing '/Game/Bluprints/Characters/Mannequin/Animations/ThirdPerson_AnimBP.ThirdPerson_AnimBP_C' ref from Metadata '/Game/Mannequin/Animations/ThirdPerson_AnimBP.PackageMetaData'
[2018.08.30-14.53.20:075][808]LogMetaData: Removing '/Game/Bluprints/Characters/Mannequin/Animations/ThirdPerson_AnimBP.ThirdPerson_AnimBP:AnimGraph.AnimGraphNode_StateMachine_1.Default.AnimStateTransitionNode_4.Transition.AnimGraphNode_TransitionResult_26' ref from Metadata '/Game/Mannequin/Animations/ThirdPerson_AnimBP.PackageMetaData'
[2018.08.30-14.53.20:075][808]LogMetaData: Removing '/Game/Bluprints/Characters/Mannequin/Animations/ThirdPerson_AnimBP.ThirdPerson_AnimBP:AnimGraph.AnimGraphNode_StateMachine_1.Default.AnimStateTransitionNode_6.Transition.AnimGraphNode_TransitionResult_37' ref from Metadata '/Game/Mannequin/Animations/ThirdPerson_AnimBP.PackageMetaData'
[2018.08.30-14.53.20:075][808]LogMetaData: Removing '/Game/Bluprints/Characters/Mannequin/Animations/ThirdPerson_AnimBP.ThirdPerson_AnimBP:AnimGraph.AnimGraphNode_StateMachine_1.Default.AnimStateTransitionNode_2.Transition.AnimGraphNode_TransitionResult_15' ref from Metadata '/Game/Mannequin/Animations/ThirdPerson_AnimBP.PackageMetaData'
[2018.08.30-14.53.20:075][808]LogMetaData: Removing '/Game/Bluprints/Characters/Mannequin/Animations/ThirdPerson_AnimBP.ThirdPerson_AnimBP:AnimGraph.AnimGraphNode_StateMachine_1.Default.AnimStateTransitionNode_8.Transition.AnimGraphNode_TransitionResult_48' ref from Metadata '/Game/Mannequin/Animations/ThirdPerson_AnimBP.PackageMetaData'
[2018.08.30-14.53.20:075][808]LogMetaData: Removing '/Game/Bluprints/Characters/Mannequin/Animations/ThirdPerson_AnimBP.SKEL_ThirdPerson_AnimBP_C:BlueprintUpdateAnimation' ref from Metadata '/Game/Mannequin/Animations/ThirdPerson_AnimBP.PackageMetaData'
[2018.08.30-14.53.20:075][808]LogMetaData: Removing '/Game/Bluprints/Characters/Mannequin/Animations/ThirdPerson_AnimBP.SKEL_ThirdPerson_AnimBP_C:Speed' ref from Metadata '/Game/Mannequin/Animations/ThirdPerson_AnimBP.PackageMetaData'
[2018.08.30-14.53.20:075][808]LogMetaData: Removing '/Game/Bluprints/Characters/Mannequin/Animations/ThirdPerson_AnimBP.SKEL_ThirdPerson_AnimBP_C:IsInAir?' ref from Metadata '/Game/Mannequin/Animations/ThirdPerson_AnimBP.PackageMetaData'
[2018.08.30-14.53.20:075][808]LogMetaData: Removing '/Game/Bluprints/Characters/Mannequin/Animations/ThirdPerson_AnimBP.SKEL_ThirdPerson_AnimBP_C' ref from Metadata '/Game/Mannequin/Animations/ThirdPerson_AnimBP.PackageMetaData'
[2018.08.30-14.53.20:075][808]LogMetaData: Removing '/Game/Bluprints/Characters/Mannequin/Animations/ThirdPerson_AnimBP.ThirdPerson_AnimBP_C:Speed' ref from Metadata '/Game/Mannequin/Animations/ThirdPerson_AnimBP.PackageMetaData'
[2018.08.30-14.53.20:075][808]LogMetaData: Removing '/Game/Bluprints/Characters/Mannequin/Animations/ThirdPerson_AnimBP.ThirdPerson_AnimBP_C:IsInAir?' ref from Metadata '/Game/Mannequin/Animations/ThirdPerson_AnimBP.PackageMetaData'
[2018.08.30-14.53.20:075][808]LogMetaData: Removing '/Game/Bluprints/Characters/Mannequin/Animations/ThirdPerson_AnimBP.ThirdPerson_AnimBP_C:BlueprintUpdateAnimation' ref from Metadata '/Game/Mannequin/Animations/ThirdPerson_AnimBP.PackageMetaData'
[2018.08.30-14.53.20:285][808]LogSavePackage: Moving 'D:/UnrealProject/SparrowGame/SparrowGame/Saved/SK_MannequinF3759D754047F7D646B8D191E45CFFA0.tmp' to 'D:/UnrealProject/SparrowGame/SparrowGame/Content/Bluprints/Characters/Mannequin/Character/Mesh/SK_Mannequin.uasset'
[2018.08.30-14.53.20:345][808]LogSavePackage: Moving 'D:/UnrealProject/SparrowGame/SparrowGame/Saved/SK_Mannequin_PhysicsAsset353A02004C74249710FFA09AA6C6E383.tmp' to 'D:/UnrealProject/SparrowGame/SparrowGame/Content/Bluprints/Characters/Mannequin/Character/Mesh/SK_Mannequin_PhysicsAsset.uasset'
[2018.08.30-14.53.20:388][808]LogSavePackage: Moving 'D:/UnrealProject/SparrowGame/SparrowGame/Saved/M_UE4Man_ChestLogo88720C2B42605BCF29E98EA5F1EF143A.tmp' to 'D:/UnrealProject/SparrowGame/SparrowGame/Content/Bluprints/Characters/Mannequin/Character/Materials/M_UE4Man_ChestLogo.uasset'
[2018.08.30-14.53.20:461][808]LogSavePackage: Moving 'D:/UnrealProject/SparrowGame/SparrowGame/Saved/UE4Man_Logo_N77EA12AB408FF38CD6529087ACD9D68A.tmp' to 'D:/UnrealProject/SparrowGame/SparrowGame/Content/Bluprints/Characters/Mannequin/Character/Textures/UE4Man_Logo_N.uasset'
[2018.08.30-14.53.20:521][808]LogSavePackage: Moving 'D:/UnrealProject/SparrowGame/SparrowGame/Saved/M_UE4Man_Body8622DF704AF102B2CEF05DB498F47485.tmp' to 'D:/UnrealProject/SparrowGame/SparrowGame/Content/Bluprints/Characters/Mannequin/Character/Materials/M_UE4Man_Body.uasset'
[2018.08.30-14.53.20:551][808]LogSavePackage: Moving 'D:/UnrealProject/SparrowGame/SparrowGame/Saved/UE4_Mannequin_MAT_MASKA813900C34A0ECD6DF56AB9924BC5234F.tmp' to 'D:/UnrealProject/SparrowGame/SparrowGame/Content/Bluprints/Characters/Mannequin/Character/Textures/UE4_Mannequin_MAT_MASKA.uasset'
[2018.08.30-14.53.20:649][808]LogSavePackage: Moving 'D:/UnrealProject/SparrowGame/SparrowGame/Saved/UE4_Mannequin__normals8879F0EA4674B336BAAB82B50B83B06A.tmp' to 'D:/UnrealProject/SparrowGame/SparrowGame/Content/Bluprints/Characters/Mannequin/Character/Textures/UE4_Mannequin__normals.uasset'
[2018.08.30-14.53.20:666][808]LogMaterial: Display: Missing cached shader map for material Material_0, compiling. 
[2018.08.30-14.53.20:746][808]LogShaderCompilers: Display: Shaders left to compile 44
[2018.08.30-14.53.20:746][808]LogShaderCompilers: Display: Shaders left to compile 34
[2018.08.30-14.53.20:746][808]LogShaderCompilers: Display: Shaders left to compile 24
[2018.08.30-14.53.20:746][808]LogShaderCompilers: Display: Shaders left to compile 14
[2018.08.30-14.53.20:787][808]LogSavePackage: Moving 'D:/UnrealProject/SparrowGame/SparrowGame/Saved/ML_SoftMetal_UE4B5BAE5764667E55F3ECDBEAD03CA7617.tmp' to 'D:/UnrealProject/SparrowGame/SparrowGame/Content/Bluprints/Characters/Mannequin/Character/Materials/MaterialLayers/ML_SoftMetal_UE4.uasset'
[2018.08.30-14.53.20:819][808]LogSavePackage: Moving 'D:/UnrealProject/SparrowGame/SparrowGame/Saved/T_ML_Aluminum01_N733A66F94763A8E5152E3B8218279C84.tmp' to 'D:/UnrealProject/SparrowGame/SparrowGame/Content/Bluprints/Characters/Mannequin/Character/Materials/MaterialLayers/T_ML_Aluminum01_N.uasset'
[2018.08.30-14.53.20:850][808]LogSavePackage: Moving 'D:/UnrealProject/SparrowGame/SparrowGame/Saved/T_ML_Aluminum012C40930547497AA7249694944975392F.tmp' to 'D:/UnrealProject/SparrowGame/SparrowGame/Content/Bluprints/Characters/Mannequin/Character/Materials/MaterialLayers/T_ML_Aluminum01.uasset'
[2018.08.30-14.53.20:860][808]LogMaterial: Display: Missing cached shader map for material Material_1, compiling. 
[2018.08.30-14.53.20:917][808]LogSavePackage: Moving 'D:/UnrealProject/SparrowGame/SparrowGame/Saved/ML_Plastic_Shiny_Beige_LOGO665417634A447CB127BCC49B3A1420F8.tmp' to 'D:/UnrealProject/SparrowGame/SparrowGame/Content/Bluprints/Characters/Mannequin/Character/Materials/MaterialLayers/ML_Plastic_Shiny_Beige_LOGO.uasset'
[2018.08.30-14.53.20:951][808]LogSavePackage: Moving 'D:/UnrealProject/SparrowGame/SparrowGame/Saved/UE4_LOGO_CARD7B7BEA264A7353D6419079B078282CFE.tmp' to 'D:/UnrealProject/SparrowGame/SparrowGame/Content/Bluprints/Characters/Mannequin/Character/Textures/UE4_LOGO_CARD.uasset'
[2018.08.30-14.53.20:973][808]LogMaterial: Display: Missing cached shader map for material Material_2, compiling. 
[2018.08.30-14.53.21:046][808]LogSavePackage: Moving 'D:/UnrealProject/SparrowGame/SparrowGame/Saved/ML_Plastic_Shiny_Beige214390374B7C094AEAB9C1842ACD1117.tmp' to 'D:/UnrealProject/SparrowGame/SparrowGame/Content/Bluprints/Characters/Mannequin/Character/Materials/MaterialLayers/ML_Plastic_Shiny_Beige.uasset'
[2018.08.30-14.53.21:074][808]LogMaterial: Display: Missing cached shader map for material Material_3, compiling. 
[2018.08.30-14.53.21:141][808]LogSavePackage: Moving 'D:/UnrealProject/SparrowGame/SparrowGame/Saved/ML_GlossyBlack_Latex_UE430FDB3D84013982DA975C9AFDC142AAD.tmp' to 'D:/UnrealProject/SparrowGame/SparrowGame/Content/Bluprints/Characters/Mannequin/Character/Materials/MaterialLayers/ML_GlossyBlack_Latex_UE4.uasset'
[2018.08.30-14.53.21:179][808]LogSavePackage: Moving 'D:/UnrealProject/SparrowGame/SparrowGame/Saved/T_ML_Rubber_Blue_01_ND4693E2B4AE71AF0CE72E6B0CB3C662C.tmp' to 'D:/UnrealProject/SparrowGame/SparrowGame/Content/Bluprints/Characters/Mannequin/Character/Materials/MaterialLayers/T_ML_Rubber_Blue_01_N.uasset'
[2018.08.30-14.53.21:239][808]LogSavePackage: Moving 'D:/UnrealProject/SparrowGame/SparrowGame/Saved/T_ML_Rubber_Blue_01_D92F3B3EE4BBEB5BA82612E9E819C128A.tmp' to 'D:/UnrealProject/SparrowGame/SparrowGame/Content/Bluprints/Characters/Mannequin/Character/Materials/MaterialLayers/T_ML_Rubber_Blue_01_D.uasset'
[2018.08.30-14.53.21:440][808]LogSavePackage: Moving 'D:/UnrealProject/SparrowGame/SparrowGame/Saved/ThirdPerson_AnimBP7E559B4249AC225C6715148F19C6BC33.tmp' to 'D:/UnrealProject/SparrowGame/SparrowGame/Content/Bluprints/Characters/Mannequin/Animations/ThirdPerson_AnimBP.uasset'
[2018.08.30-14.53.21:490][808]LogSavePackage: Moving 'D:/UnrealProject/SparrowGame/SparrowGame/Saved/ThirdPerson_IdleRun_2DE3E88CE745380D1B1CA8708CC72C6711.tmp' to 'D:/UnrealProject/SparrowGame/SparrowGame/Content/Bluprints/Characters/Mannequin/Animations/ThirdPerson_IdleRun_2D.uasset'
[2018.08.30-14.53.21:568][808]LogSavePackage: Moving 'D:/UnrealProject/SparrowGame/SparrowGame/Saved/ThirdPersonWalk014259104ED23A9EE0B432A4B59FB490.tmp' to 'D:/UnrealProject/SparrowGame/SparrowGame/Content/Bluprints/Characters/Mannequin/Animations/ThirdPersonWalk.uasset'
[2018.08.30-14.53.21:615][808]LogSavePackage: Moving 'D:/UnrealProject/SparrowGame/SparrowGame/Saved/ThirdPersonRun46FF9330499C7DD92CBC9A893702C8FC.tmp' to 'D:/UnrealProject/SparrowGame/SparrowGame/Content/Bluprints/Characters/Mannequin/Animations/ThirdPersonRun.uasset'
[2018.08.30-14.53.21:657][808]LogSavePackage: Moving 'D:/UnrealProject/SparrowGame/SparrowGame/Saved/ThirdPersonIdle6490D5EE4AE0A0D5D79AC8A18F79E863.tmp' to 'D:/UnrealProject/SparrowGame/SparrowGame/Content/Bluprints/Characters/Mannequin/Animations/ThirdPersonIdle.uasset'
[2018.08.30-14.53.21:717][808]LogSavePackage: Moving 'D:/UnrealProject/SparrowGame/SparrowGame/Saved/ThirdPersonJump_StartD45A9CF147C78DC8568B61998DB33211.tmp' to 'D:/UnrealProject/SparrowGame/SparrowGame/Content/Bluprints/Characters/Mannequin/Animations/ThirdPersonJump_Start.uasset'
[2018.08.30-14.53.21:765][808]LogSavePackage: Moving 'D:/UnrealProject/SparrowGame/SparrowGame/Saved/ThirdPersonJump_Loop2100A30448C0BB2328C759A0224974F4.tmp' to 'D:/UnrealProject/SparrowGame/SparrowGame/Content/Bluprints/Characters/Mannequin/Animations/ThirdPersonJump_Loop.uasset'
[2018.08.30-14.53.21:838][808]LogSavePackage: Moving 'D:/UnrealProject/SparrowGame/SparrowGame/Saved/ThirdPerson_Jump2A0F500744E53C5D633EC188FB333374.tmp' to 'D:/UnrealProject/SparrowGame/SparrowGame/Content/Bluprints/Characters/Mannequin/Animations/ThirdPerson_Jump.uasset'
[2018.08.30-14.53.21:863][808]LogSavePackage: Moving 'D:/UnrealProject/SparrowGame/SparrowGame/Saved/UE4_Mannequin_SkeletonFA76FABF462628697F9D22BB38A5922A.tmp' to 'D:/UnrealProject/SparrowGame/SparrowGame/Content/Bluprints/Characters/Mannequin/Character/Mesh/UE4_Mannequin_Skeleton.uasset'
[2018.08.30-14.53.21:915][808]LogSavePackage: Moving 'D:/UnrealProject/SparrowGame/SparrowGame/Saved/ThirdPersonJump_End349A09634D43EE14ECABF9A69CF3B92D.tmp' to 'D:/UnrealProject/SparrowGame/SparrowGame/Content/Bluprints/Characters/Mannequin/Animations/ThirdPersonJump_End.uasset'
[2018.08.30-14.53.24:814][808]LogShaderCompilers: Display: Shaders left to compile 136
[2018.08.30-14.53.24:814][808]LogShaderCompilers: Display: Shaders left to compile 126
[2018.08.30-14.53.25:008][808]LogShaderCompilers: Display: Shaders left to compile 116
[2018.08.30-14.53.26:256][808]Cmd: OBJ SAVEPACKAGE PACKAGE="/Game/ThirdPersonBP/Blueprints/ThirdPersonCharacter" FILE="D:/UnrealProject/SparrowGame/SparrowGame/Content/ThirdPersonBP/Blueprints/ThirdPersonCharacter.uasset" SILENT=true
[2018.08.30-14.53.26:388][808]LogSavePackage: Moving 'D:/UnrealProject/SparrowGame/SparrowGame/Saved/ThirdPersonCharacter199E762D47B3C3D36B6EAD977B13166B.tmp' to 'D:/UnrealProject/SparrowGame/SparrowGame/Content/ThirdPersonBP/Blueprints/ThirdPersonCharacter.uasset'
[2018.08.30-14.53.27:213][861]LogShaderCompilers: Display: Shaders left to compile 106
[2018.08.30-14.53.27:265][867]LogShaderCompilers: Display: Shaders left to compile 96
[2018.08.30-14.53.27:937][922]LogShaderCompilers: Display: Shaders left to compile 86
[2018.08.30-14.53.28:115][938]LogShaderCompilers: Display: Shaders left to compile 76
[2018.08.30-14.53.30:603][209]LogShaderCompilers: Display: Shaders left to compile 66
[2018.08.30-14.53.30:974][245]LogShaderCompilers: Display: Shaders left to compile 56
[2018.08.30-14.53.31:151][245]LogSavePackage: Moving 'D:/UnrealProject/SparrowGame/SparrowGame/Saved/RightArm_StaticMesh430BEAAE4089D6642E2C49B7E9DE0E96.tmp' to 'D:/UnrealProject/SparrowGame/SparrowGame/Content/Bluprints/Characters/ThirdPerson/Meshes/RightArm_StaticMesh.uasset'
[2018.08.30-14.53.31:187][245]LogShaderCompilers: Display: Shaders left to compile 46
[2018.08.30-14.53.31:218][245]LogSavePackage: Moving 'D:/UnrealProject/SparrowGame/SparrowGame/Saved/Ramp_StaticMeshFDF794F648DEE982CD801CB253EAB4FF.tmp' to 'D:/UnrealProject/SparrowGame/SparrowGame/Content/Bluprints/Characters/ThirdPerson/Meshes/Ramp_StaticMesh.uasset'
[2018.08.30-14.53.31:294][245]LogSavePackage: Moving 'D:/UnrealProject/SparrowGame/SparrowGame/Saved/Linear_Stair_StaticMesh5AA830354963EE0F19603CAD8F1C4638.tmp' to 'D:/UnrealProject/SparrowGame/SparrowGame/Content/Bluprints/Characters/ThirdPerson/Meshes/Linear_Stair_StaticMesh.uasset'
[2018.08.30-14.53.31:361][245]LogSavePackage: Moving 'D:/UnrealProject/SparrowGame/SparrowGame/Saved/LeftArm_StaticMesh2D336D484BE55080DAF71DAA388B1E32.tmp' to 'D:/UnrealProject/SparrowGame/SparrowGame/Content/Bluprints/Characters/ThirdPerson/Meshes/LeftArm_StaticMesh.uasset'
[2018.08.30-14.53.31:427][245]LogSavePackage: Moving 'D:/UnrealProject/SparrowGame/SparrowGame/Saved/Bump_StaticMesh44E201F54F35C8866F3CA686F260DB41.tmp' to 'D:/UnrealProject/SparrowGame/SparrowGame/Content/Bluprints/Characters/ThirdPerson/Meshes/Bump_StaticMesh.uasset'
[2018.08.30-14.53.31:500][245]LogSavePackage: Moving 'D:/UnrealProject/SparrowGame/SparrowGame/Saved/RampMaterial98DA279142626639863FB7820516D0D2.tmp' to 'D:/UnrealProject/SparrowGame/SparrowGame/Content/Bluprints/Characters/ThirdPerson/Meshes/RampMaterial.uasset'
[2018.08.30-14.53.32:231][245]LogShaderCompilers: Display: Shaders left to compile 36
[2018.08.30-14.53.33:953][370]LogShaderCompilers: Display: Shaders left to compile 26
[2018.08.30-14.53.34:127][389]LogShaderCompilers: Display: Shaders left to compile 16
[2018.08.30-14.53.35:129][503]LogShaderCompilers: Display: Shaders left to compile 6
[2018.08.30-14.53.56:913][ 68]LogMetaData: Removing '/Game/Bluprints/Characters/ThirdPersonBP/Blueprints/ThirdPersonCharacter.ThirdPersonCharacter_C' ref from Metadata '/Game/ThirdPersonBP/Blueprints/ThirdPersonCharacter.PackageMetaData'
[2018.08.30-14.53.56:913][ 68]LogMetaData: Removing '/Game/Bluprints/Characters/ThirdPersonBP/Blueprints/ThirdPersonCharacter.SKEL_ThirdPersonCharacter_C:InpAxisEvt_LookUp_K2Node_InputAxisEvent_40' ref from Metadata '/Game/ThirdPersonBP/Blueprints/ThirdPersonCharacter.PackageMetaData'
[2018.08.30-14.53.56:913][ 68]LogMetaData: Removing '/Game/Bluprints/Characters/ThirdPersonBP/Blueprints/ThirdPersonCharacter.SKEL_ThirdPersonCharacter_C:InpAxisEvt_Turn_K2Node_InputAxisEvent_47' ref from Metadata '/Game/ThirdPersonBP/Blueprints/ThirdPersonCharacter.PackageMetaData'
[2018.08.30-14.53.56:913][ 68]LogMetaData: Removing '/Game/Bluprints/Characters/ThirdPersonBP/Blueprints/ThirdPersonCharacter.SKEL_ThirdPersonCharacter_C:InpAxisEvt_MoveForward_K2Node_InputAxisEvent_79' ref from Metadata '/Game/ThirdPersonBP/Blueprints/ThirdPersonCharacter.PackageMetaData'
[2018.08.30-14.53.56:913][ 68]LogMetaData: Removing '/Game/Bluprints/Characters/ThirdPersonBP/Blueprints/ThirdPersonCharacter.SKEL_ThirdPersonCharacter_C:InpAxisEvt_MoveRight_K2Node_InputAxisEvent_90' ref from Metadata '/Game/ThirdPersonBP/Blueprints/ThirdPersonCharacter.PackageMetaData'
[2018.08.30-14.53.56:913][ 68]LogMetaData: Removing '/Game/Bluprints/Characters/ThirdPersonBP/Blueprints/ThirdPersonCharacter.SKEL_ThirdPersonCharacter_C:InpAxisEvt_TurnRate_K2Node_InputAxisEvent_38' ref from Metadata '/Game/ThirdPersonBP/Blueprints/ThirdPersonCharacter.PackageMetaData'
[2018.08.30-14.53.56:913][ 68]LogMetaData: Removing '/Game/Bluprints/Characters/ThirdPersonBP/Blueprints/ThirdPersonCharacter.SKEL_ThirdPersonCharacter_C:InpAxisEvt_LookUpRate_K2Node_InputAxisEvent_53' ref from Metadata '/Game/ThirdPersonBP/Blueprints/ThirdPersonCharacter.PackageMetaData'
[2018.08.30-14.53.56:913][ 68]LogMetaData: Removing '/Game/Bluprints/Characters/ThirdPersonBP/Blueprints/ThirdPersonCharacter.SKEL_ThirdPersonCharacter_C:BaseLookUpRate' ref from Metadata '/Game/ThirdPersonBP/Blueprints/ThirdPersonCharacter.PackageMetaData'
[2018.08.30-14.53.56:913][ 68]LogMetaData: Removing '/Game/Bluprints/Characters/ThirdPersonBP/Blueprints/ThirdPersonCharacter.SKEL_ThirdPersonCharacter_C:BaseTurnRate' ref from Metadata '/Game/ThirdPersonBP/Blueprints/ThirdPersonCharacter.PackageMetaData'
[2018.08.30-14.53.56:913][ 68]LogMetaData: Removing '/Game/Bluprints/Characters/ThirdPersonBP/Blueprints/ThirdPersonCharacter.SKEL_ThirdPersonCharacter_C:CameraBoom' ref from Metadata '/Game/ThirdPersonBP/Blueprints/ThirdPersonCharacter.PackageMetaData'
[2018.08.30-14.53.56:913][ 68]LogMetaData: Removing '/Game/Bluprints/Characters/ThirdPersonBP/Blueprints/ThirdPersonCharacter.SKEL_ThirdPersonCharacter_C:FollowCamera' ref from Metadata '/Game/ThirdPersonBP/Blueprints/ThirdPersonCharacter.PackageMetaData'
[2018.08.30-14.53.56:913][ 68]LogMetaData: Removing '/Game/Bluprints/Characters/ThirdPersonBP/Blueprints/ThirdPersonCharacter.SKEL_ThirdPersonCharacter_C:UserConstructionScript' ref from Metadata '/Game/ThirdPersonBP/Blueprints/ThirdPersonCharacter.PackageMetaData'
[2018.08.30-14.53.56:913][ 68]LogMetaData: Removing '/Game/Bluprints/Characters/ThirdPersonBP/Blueprints/ThirdPersonCharacter.SKEL_ThirdPersonCharacter_C' ref from Metadata '/Game/ThirdPersonBP/Blueprints/ThirdPersonCharacter.PackageMetaData'
[2018.08.30-14.53.56:913][ 68]LogMetaData: Removing '/Game/Bluprints/Characters/ThirdPersonBP/Blueprints/ThirdPersonCharacter.ThirdPersonCharacter_C:BaseLookUpRate' ref from Metadata '/Game/ThirdPersonBP/Blueprints/ThirdPersonCharacter.PackageMetaData'
[2018.08.30-14.53.56:913][ 68]LogMetaData: Removing '/Game/Bluprints/Characters/ThirdPersonBP/Blueprints/ThirdPersonCharacter.ThirdPersonCharacter_C:BaseTurnRate' ref from Metadata '/Game/ThirdPersonBP/Blueprints/ThirdPersonCharacter.PackageMetaData'
[2018.08.30-14.53.56:913][ 68]LogMetaData: Removing '/Game/Bluprints/Characters/ThirdPersonBP/Blueprints/ThirdPersonCharacter.ThirdPersonCharacter_C:CameraBoom' ref from Metadata '/Game/ThirdPersonBP/Blueprints/ThirdPersonCharacter.PackageMetaData'
[2018.08.30-14.53.56:913][ 68]LogMetaData: Removing '/Game/Bluprints/Characters/ThirdPersonBP/Blueprints/ThirdPersonCharacter.ThirdPersonCharacter_C:FollowCamera' ref from Metadata '/Game/ThirdPersonBP/Blueprints/ThirdPersonCharacter.PackageMetaData'
[2018.08.30-14.53.56:913][ 68]LogMetaData: Removing '/Game/Bluprints/Characters/ThirdPersonBP/Blueprints/ThirdPersonCharacter.ThirdPersonCharacter_C:UserConstructionScript' ref from Metadata '/Game/ThirdPersonBP/Blueprints/ThirdPersonCharacter.PackageMetaData'
[2018.08.30-14.53.56:920][ 68]LogMetaData: Removing '/Game/Bluprints/Characters/ThirdPersonBP/Blueprints/ThirdPersonGameMode.ThirdPersonGameMode_C' ref from Metadata '/Game/ThirdPersonBP/Blueprints/ThirdPersonGameMode.PackageMetaData'
[2018.08.30-14.53.56:920][ 68]LogMetaData: Removing '/Game/Bluprints/Characters/ThirdPersonBP/Blueprints/ThirdPersonGameMode.SKEL_ThirdPersonGameMode_C:DefaultSceneRoot' ref from Metadata '/Game/ThirdPersonBP/Blueprints/ThirdPersonGameMode.PackageMetaData'
[2018.08.30-14.53.56:920][ 68]LogMetaData: Removing '/Game/Bluprints/Characters/ThirdPersonBP/Blueprints/ThirdPersonGameMode.SKEL_ThirdPersonGameMode_C:UserConstructionScript' ref from Metadata '/Game/ThirdPersonBP/Blueprints/ThirdPersonGameMode.PackageMetaData'
[2018.08.30-14.53.56:920][ 68]LogMetaData: Removing '/Game/Bluprints/Characters/ThirdPersonBP/Blueprints/ThirdPersonGameMode.SKEL_ThirdPersonGameMode_C' ref from Metadata '/Game/ThirdPersonBP/Blueprints/ThirdPersonGameMode.PackageMetaData'
[2018.08.30-14.53.56:920][ 68]LogMetaData: Removing '/Game/Bluprints/Characters/ThirdPersonBP/Blueprints/ThirdPersonGameMode.ThirdPersonGameMode_C:DefaultSceneRoot' ref from Metadata '/Game/ThirdPersonBP/Blueprints/ThirdPersonGameMode.PackageMetaData'
[2018.08.30-14.53.57:009][ 68]LogSavePackage: Moving 'D:/UnrealProject/SparrowGame/SparrowGame/Saved/ThirdPersonCharacter797581C5420540C1804619842C116DB8.tmp' to 'D:/UnrealProject/SparrowGame/SparrowGame/Content/Bluprints/Characters/ThirdPersonBP/Blueprints/ThirdPersonCharacter.uasset'
[2018.08.30-14.53.57:022][ 68]LogSavePackage: Moving 'D:/UnrealProject/SparrowGame/SparrowGame/Saved/ThirdPersonGameModeF89E3E8F478184347E29BD993485B827.tmp' to 'D:/UnrealProject/SparrowGame/SparrowGame/Content/Bluprints/Characters/ThirdPersonBP/Blueprints/ThirdPersonGameMode.uasset'
[2018.08.30-14.54.39:441][717]DataValidation: There is no data validation for /Game/Bluprints/Characters/Mannequin/Animations/ThirdPersonJump_End.
[2018.08.30-14.54.39:443][717]DataValidation: There is no data validation for /Game/Bluprints/Characters/ThirdPerson/Meshes/RightArm_StaticMesh.
[2018.08.30-14.54.39:444][717]DataValidation: There is no data validation for /Game/Bluprints/Characters/ThirdPerson/Meshes/Ramp_StaticMesh.
[2018.08.30-14.54.39:445][717]DataValidation: There is no data validation for /Game/Bluprints/Characters/ThirdPerson/Meshes/Linear_Stair_StaticMesh.
[2018.08.30-14.54.39:446][717]DataValidation: There is no data validation for /Game/Bluprints/Characters/ThirdPerson/Meshes/LeftArm_StaticMesh.
[2018.08.30-14.54.39:461][717]DataValidation: There is no data validation for /Game/Bluprints/Characters/ThirdPerson/Meshes/Bump_StaticMesh.
[2018.08.30-14.54.39:464][717]DataValidation: There is no data validation for /Game/Bluprints/Characters/ThirdPerson/Meshes/RampMaterial.
[2018.08.30-14.54.39:467][717]DataValidation: There is no data validation for /Game/Geometry/Meshes/TemplateFloor.
[2018.08.30-14.54.39:472][717]DataValidation: There is no data validation for /Game/Geometry/Meshes/1M_Cube_Chamfer.
[2018.08.30-14.54.39:475][717]DataValidation: There is no data validation for /Game/Geometry/Meshes/1M_Cube.
[2018.08.30-14.54.39:477][717]DataValidation: There is no data validation for /Game/Geometry/Meshes/CubeMaterial.
[2018.08.30-14.54.39:481][717]DataValidation: There is no data validation for /Game/Bluprints/Characters/Mannequin/Character/Mesh/SK_Mannequin.
[2018.08.30-14.54.39:484][717]DataValidation: There is no data validation for /Game/Bluprints/Characters/Mannequin/Character/Mesh/SK_Mannequin_PhysicsAsset.
[2018.08.30-14.54.39:487][717]DataValidation: There is no data validation for /Game/Bluprints/Characters/Mannequin/Character/Materials/M_UE4Man_ChestLogo.
[2018.08.30-14.54.39:491][717]DataValidation: There is no data validation for /Game/Bluprints/Characters/Mannequin/Character/Textures/UE4Man_Logo_N.
[2018.08.30-14.54.39:498][717]DataValidation: There is no data validation for /Game/Bluprints/Characters/Mannequin/Character/Materials/M_UE4Man_Body.
[2018.08.30-14.54.39:501][717]DataValidation: There is no data validation for /Game/Bluprints/Characters/Mannequin/Character/Textures/UE4_Mannequin_MAT_MASKA.
[2018.08.30-14.54.39:502][717]DataValidation: There is no data validation for /Game/Bluprints/Characters/Mannequin/Character/Textures/UE4_Mannequin__normals.
[2018.08.30-14.54.39:505][717]DataValidation: There is no data validation for /Game/Bluprints/Characters/Mannequin/Character/Materials/MaterialLayers/ML_SoftMetal_UE4.
[2018.08.30-14.54.39:509][717]DataValidation: There is no data validation for /Game/Bluprints/Characters/Mannequin/Character/Materials/MaterialLayers/T_ML_Aluminum01_N.
[2018.08.30-14.54.39:511][717]DataValidation: There is no data validation for /Game/Bluprints/Characters/Mannequin/Character/Materials/MaterialLayers/T_ML_Aluminum01.
[2018.08.30-14.54.39:513][717]DataValidation: There is no data validation for /Game/Bluprints/Characters/Mannequin/Character/Materials/MaterialLayers/ML_Plastic_Shiny_Beige_LOGO.
[2018.08.30-14.54.39:515][717]DataValidation: There is no data validation for /Game/Bluprints/Characters/Mannequin/Character/Textures/UE4_LOGO_CARD.
[2018.08.30-14.54.39:517][717]DataValidation: There is no data validation for /Game/Bluprints/Characters/Mannequin/Character/Materials/MaterialLayers/ML_Plastic_Shiny_Beige.
[2018.08.30-14.54.39:518][717]DataValidation: There is no data validation for /Game/Bluprints/Characters/Mannequin/Character/Materials/MaterialLayers/ML_GlossyBlack_Latex_UE4.
[2018.08.30-14.54.39:520][717]DataValidation: There is no data validation for /Game/Bluprints/Characters/Mannequin/Character/Materials/MaterialLayers/T_ML_Rubber_Blue_01_N.
[2018.08.30-14.54.39:522][717]DataValidation: There is no data validation for /Game/Bluprints/Characters/Mannequin/Character/Materials/MaterialLayers/T_ML_Rubber_Blue_01_D.
[2018.08.30-14.54.39:524][717]DataValidation: There is no data validation for /Game/Bluprints/Characters/Mannequin/Animations/ThirdPerson_AnimBP.
[2018.08.30-14.54.39:525][717]DataValidation: There is no data validation for /Game/Bluprints/Characters/Mannequin/Animations/ThirdPerson_IdleRun_2D.
[2018.08.30-14.54.39:527][717]DataValidation: There is no data validation for /Game/Bluprints/Characters/Mannequin/Animations/ThirdPersonWalk.
[2018.08.30-14.54.39:530][717]DataValidation: There is no data validation for /Game/Bluprints/Characters/Mannequin/Animations/ThirdPersonRun.
[2018.08.30-14.54.39:532][717]DataValidation: There is no data validation for /Game/Bluprints/Characters/Mannequin/Animations/ThirdPersonIdle.
[2018.08.30-14.54.39:534][717]DataValidation: There is no data validation for /Game/Bluprints/Characters/Mannequin/Animations/ThirdPersonJump_Start.
[2018.08.30-14.54.39:535][717]DataValidation: There is no data validation for /Game/Bluprints/Characters/Mannequin/Animations/ThirdPersonJump_Loop.
[2018.08.30-14.54.39:537][717]DataValidation: There is no data validation for /Game/Bluprints/Characters/Mannequin/Animations/ThirdPerson_Jump.
[2018.08.30-14.54.39:538][717]DataValidation: There is no data validation for /Game/Bluprints/Characters/Mannequin/Character/Mesh/UE4_Mannequin_Skeleton.
[2018.08.30-14.54.39:538][717]DataValidation: 
[2018.08.30-14.54.42:885][ 92]LogSlate: Window 'Message Log' being destroyed
[2018.08.30-14.54.42:889][ 92]LogSlate: Window 'Message Log' being destroyed
[2018.08.30-14.54.49:286][840]LogSlate: Window 'Sparrow - Unreal Editor' being destroyed
[2018.08.30-14.54.49:481][841]Cmd: QUIT_EDITOR
[2018.08.30-14.54.49:495][841]LogWindowsTextInputMethodSystem: Display: IME system now deactivated.
[2018.08.30-14.54.49:509][841]LogExit: Preparing to exit.
[2018.08.30-14.54.49:962][841]LogExit: Editor shut down
[2018.08.30-14.54.49:962][841]LogExit: Transaction tracking system shut down
[2018.08.30-14.54.50:376][841]LogExit: Object subsystem successfully closed.
[2018.08.30-14.54.50:395][841]LogShaderCompilers: Display: Shaders left to compile 0
[2018.08.30-14.54.50:399][841]LogD3D11RHI: Shutdown
[2018.08.30-14.54.50:399][841]LogD3D11RHI: CleanupD3DDevice
[2018.08.30-14.54.50:401][841]LogD3D11RHI: ~FD3D11DynamicRHI
[2018.08.30-14.54.50:419][841]LogModuleManager: Shutting down and abandoning module BlueprintGraph (614)
[2018.08.30-14.54.50:419][841]LogModuleManager: Shutting down and abandoning module HierarchicalLODOutliner (612)
[2018.08.30-14.54.50:419][841]LogModuleManager: Shutting down and abandoning module SceneOutliner (610)
[2018.08.30-14.54.50:419][841]LogModuleManager: Shutting down and abandoning module AddContentDialog (608)
[2018.08.30-14.54.50:420][841]LogModuleManager: Shutting down and abandoning module WidgetCarousel (607)
[2018.08.30-14.54.50:420][841]LogModuleManager: Shutting down and abandoning module EditorWidgets (604)
[2018.08.30-14.54.50:420][841]LogModuleManager: Shutting down and abandoning module CollectionManager (602)
[2018.08.30-14.54.50:420][841]LogModuleManager: Shutting down and abandoning module HierarchicalLODUtilities (600)
[2018.08.30-14.54.50:420][841]LogModuleManager: Shutting down and abandoning module StatsViewer (598)
[2018.08.30-14.54.50:420][841]LogModuleManager: Shutting down and abandoning module FoliageEdit (596)
[2018.08.30-14.54.50:420][841]LogModuleManager: Shutting down and abandoning module LandscapeEditor (594)
[2018.08.30-14.54.50:420][841]LogModuleManager: Shutting down and abandoning module MeshPaintMode (592)
[2018.08.30-14.54.50:420][841]LogModuleManager: Shutting down and abandoning module SceneDepthPickerMode (590)
[2018.08.30-14.54.50:420][841]LogModuleManager: Shutting down and abandoning module ActorPickerMode (588)
[2018.08.30-14.54.50:420][841]LogModuleManager: Shutting down and abandoning module GeometryMode (586)
[2018.08.30-14.54.50:420][841]LogModuleManager: Shutting down and abandoning module TextureAlignMode (584)
[2018.08.30-14.54.50:420][841]LogModuleManager: Shutting down and abandoning module BspMode (582)
[2018.08.30-14.54.50:420][841]LogModuleManager: Shutting down and abandoning module PIEPreviewDeviceProfileSelector (580)
[2018.08.30-14.54.50:420][841]LogModuleManager: Shutting down and abandoning module SequenceRecorderSections (578)
[2018.08.30-14.54.50:420][841]LogModuleManager: Shutting down and abandoning module AutomationWorker (576)
[2018.08.30-14.54.50:420][841]LogModuleManager: Shutting down and abandoning module AudioCaptureEditor (574)
[2018.08.30-14.54.50:420][841]LogModuleManager: Shutting down and abandoning module SequenceRecorder (573)
[2018.08.30-14.54.50:420][841]LogModuleManager: Shutting down and abandoning module MatineeToLevelSequence (570)
[2018.08.30-14.54.50:420][841]LogModuleManager: Shutting down and abandoning module LevelSequenceEditor (568)
[2018.08.30-14.54.50:420][841]LogModuleManager: Shutting down and abandoning module PlacementMode (567)
[2018.08.30-14.54.50:420][841]LogModuleManager: Shutting down and abandoning module MaterialEditor (566)
[2018.08.30-14.54.50:420][841]LogModuleManager: Shutting down and abandoning module WmfMediaFactory (562)
[2018.08.30-14.54.50:420][841]LogModuleManager: Shutting down and abandoning module WmfMediaEditor (560)
[2018.08.30-14.54.50:420][841]LogModuleManager: Shutting down and abandoning module MediaPlayerEditor (558)
[2018.08.30-14.54.50:421][841]LogModuleManager: Shutting down and abandoning module OpenExrWrapper (556)
[2018.08.30-14.54.50:421][841]LogModuleManager: Shutting down and abandoning module ImgMediaFactory (554)
[2018.08.30-14.54.50:421][841]LogModuleManager: Shutting down and abandoning module ImgMediaEditor (552)
[2018.08.30-14.54.50:421][841]LogModuleManager: Shutting down and abandoning module AvfMediaFactory (550)
[2018.08.30-14.54.50:421][841]LogModuleManager: Shutting down and abandoning module AvfMediaEditor (548)
[2018.08.30-14.54.50:421][841]LogModuleManager: Shutting down and abandoning module AndroidMediaFactory (546)
[2018.08.30-14.54.50:421][841]LogModuleManager: Shutting down and abandoning module AndroidMediaEditor (544)
[2018.08.30-14.54.50:421][841]LogModuleManager: Shutting down and abandoning module MagicLeapCameraPreviewFactory (542)
[2018.08.30-14.54.50:421][841]LogModuleManager: Shutting down and abandoning module MagicLeapMediaFactory (540)
[2018.08.30-14.54.50:421][841]LogModuleManager: Shutting down and abandoning module MagicLeapMediaEditor (538)
[2018.08.30-14.54.50:421][841]LogModuleManager: Shutting down and abandoning module CharacterAI (536)
[2018.08.30-14.54.50:421][841]LogModuleManager: Shutting down and abandoning module SmartSnapping (534)
[2018.08.30-14.54.50:421][841]LogModuleManager: Shutting down and abandoning module SessionServices (532)
[2018.08.30-14.54.50:421][841]LogModuleManager: Shutting down and abandoning module ViewportSnapping (530)
[2018.08.30-14.54.50:421][841]LogModuleManager: Shutting down and abandoning module ViewportInteraction (528)
[2018.08.30-14.54.50:421][841]LogModuleManager: Shutting down and abandoning module ClothPainter (526)
[2018.08.30-14.54.50:421][841]LogModuleManager: Shutting down and abandoning module SkeletalMeshEditor (525)
[2018.08.30-14.54.50:421][841]LogModuleManager: Shutting down and abandoning module LogVisualizer (522)
[2018.08.30-14.54.50:421][841]LogModuleManager: Shutting down and abandoning module IntroTutorials (520)
[2018.08.30-14.54.50:421][841]LogModuleManager: Shutting down and abandoning module GameProjectGeneration (519)
[2018.08.30-14.54.50:421][841]LogModuleManager: Shutting down and abandoning module LuminPlatformEditor (516)
[2018.08.30-14.54.50:421][841]LogModuleManager: Shutting down and abandoning module IOSPlatformEditor (514)
[2018.08.30-14.54.50:421][841]LogModuleManager: Shutting down and abandoning module HTML5PlatformEditor (512)
[2018.08.30-14.54.50:421][841]LogModuleManager: Shutting down and abandoning module AndroidPlatformEditor (510)
[2018.08.30-14.54.50:421][841]LogModuleManager: Shutting down and abandoning module AndroidDeviceDetection (509)
[2018.08.30-14.54.51:752][841]LogModuleManager: Shutting down and abandoning module WindowsPlatformEditor (506)
[2018.08.30-14.54.51:752][841]LogModuleManager: Shutting down and abandoning module LuminRuntimeSettings (504)
[2018.08.30-14.54.51:752][841]LogModuleManager: Shutting down and abandoning module IOSRuntimeSettings (502)
[2018.08.30-14.54.51:752][841]LogModuleManager: Shutting down and abandoning module AndroidRuntimeSettings (500)
[2018.08.30-14.54.51:752][841]LogModuleManager: Shutting down and abandoning module InputBindingEditor (498)
[2018.08.30-14.54.51:752][841]LogModuleManager: Shutting down and abandoning module MergeActors (496)
[2018.08.30-14.54.51:752][841]LogModuleManager: Shutting down and abandoning module LocalizationDashboard (494)
[2018.08.30-14.54.51:752][841]LogModuleManager: Shutting down and abandoning module LocalizationService (493)
[2018.08.30-14.54.51:752][841]LogModuleManager: Shutting down and abandoning module HardwareTargeting (490)
[2018.08.30-14.54.51:752][841]LogModuleManager: Shutting down and abandoning module DeviceProfileEditor (488)
[2018.08.30-14.54.51:752][841]LogModuleManager: Shutting down and abandoning module UndoHistory (486)
[2018.08.30-14.54.51:752][841]LogModuleManager: Shutting down and abandoning module XmlParser (484)
[2018.08.30-14.54.51:752][841]LogModuleManager: Shutting down and abandoning module Blutility (482)
[2018.08.30-14.54.51:753][841]LogModuleManager: Shutting down and abandoning module ProjectSettingsViewer (480)
[2018.08.30-14.54.51:753][841]LogModuleManager: Shutting down and abandoning module ProjectTargetPlatformEditor (479)
[2018.08.30-14.54.51:753][841]LogModuleManager: Shutting down and abandoning module EditorSettingsViewer (476)
[2018.08.30-14.54.51:753][841]LogModuleManager: Shutting down and abandoning module SettingsEditor (474)
[2018.08.30-14.54.51:753][841]LogModuleManager: Shutting down and abandoning module ProjectLauncher (472)
[2018.08.30-14.54.51:753][841]LogModuleManager: Shutting down and abandoning module SessionFrontend (470)
[2018.08.30-14.54.51:753][841]LogModuleManager: Shutting down and abandoning module ProfilerClient (468)
[2018.08.30-14.54.51:753][841]LogModuleManager: Shutting down and abandoning module DeviceManager (466)
[2018.08.30-14.54.51:753][841]LogModuleManager: Shutting down and abandoning module TargetDeviceServices (465)
[2018.08.30-14.54.51:806][841]LogModuleManager: Shutting down and abandoning module AutomationController (462)
[2018.08.30-14.54.51:806][841]LogModuleManager: Shutting down and abandoning module AutomationWindow (460)
[2018.08.30-14.54.51:806][841]LogModuleManager: Shutting down and abandoning module Layers (458)
[2018.08.30-14.54.51:806][841]LogModuleManager: Shutting down and abandoning module ComponentVisualizers (456)
[2018.08.30-14.54.51:806][841]LogModuleManager: Shutting down and abandoning module DetailCustomizations (454)
[2018.08.30-14.54.51:806][841]LogModuleManager: Shutting down and abandoning module PackagesDialog (452)
[2018.08.30-14.54.51:806][841]LogModuleManager: Shutting down and abandoning module Persona (450)
[2018.08.30-14.54.51:806][841]LogModuleManager: Shutting down and abandoning module AdvancedPreviewScene (449)
[2018.08.30-14.54.51:806][841]LogModuleManager: Shutting down and abandoning module AnimGraph (447)
[2018.08.30-14.54.51:806][841]LogModuleManager: Shutting down and abandoning module Kismet (444)
[2018.08.30-14.54.51:811][841]LogModuleManager: Shutting down and abandoning module GraphEditor (442)
[2018.08.30-14.54.51:811][841]LogModuleManager: Shutting down and abandoning module ClassViewer (440)
[2018.08.30-14.54.51:812][841]LogModuleManager: Shutting down and abandoning module Toolbox (438)
[2018.08.30-14.54.51:812][841]LogModuleManager: Shutting down and abandoning module ModuleUI (436)
[2018.08.30-14.54.51:812][841]LogModuleManager: Shutting down and abandoning module MovieSceneTools (434)
[2018.08.30-14.54.51:812][841]LogModuleManager: Shutting down and abandoning module OutputLog (432)
[2018.08.30-14.54.51:812][841]LogModuleManager: Shutting down and abandoning module GammaUI (430)
[2018.08.30-14.54.51:812][841]LogModuleManager: Shutting down and abandoning module Documentation (428)
[2018.08.30-14.54.51:812][841]LogModuleManager: Shutting down and abandoning module MovieSceneTracks (426)
[2018.08.30-14.54.51:812][841]LogModuleManager: Shutting down and abandoning module MovieScene (424)
[2018.08.30-14.54.51:812][841]LogModuleManager: Shutting down and abandoning module StreamingPauseRendering (422)
[2018.08.30-14.54.51:812][841]LogModuleManager: Shutting down and abandoning module LauncherPlatform (420)
[2018.08.30-14.54.51:812][841]LogModuleManager: Shutting down and abandoning module AnalyticsET (418)
[2018.08.30-14.54.51:812][841]LogModuleManager: Shutting down and abandoning module PortalServices (416)
[2018.08.30-14.54.51:812][841]LogModuleManager: Shutting down and abandoning module PortalRpc (414)
[2018.08.30-14.54.51:812][841]LogModuleManager: Shutting down and abandoning module MessagingRpc (412)
[2018.08.30-14.54.51:812][841]LogModuleManager: Shutting down and abandoning module AIModule (410)
[2018.08.30-14.54.51:812][841]LogModuleManager: Shutting down and abandoning module GameplayDebugger (409)
[2018.08.30-14.54.51:812][841]LogModuleManager: Shutting down and abandoning module AITestSuite (407)
[2018.08.30-14.54.51:812][841]LogModuleManager: Shutting down and abandoning module NavigationSystem (405)
[2018.08.30-14.54.51:812][841]LogModuleManager: Shutting down and abandoning module DesktopPlatform (402)
[2018.08.30-14.54.51:812][841]LogModuleManager: Shutting down and abandoning module ProfilerService (400)
[2018.08.30-14.54.51:897][841]LogModuleManager: Shutting down and abandoning module TaskGraph (398)
[2018.08.30-14.54.51:897][841]LogModuleManager: Shutting down and abandoning module SteamVRController (396)
[2018.08.30-14.54.51:897][841]LogModuleManager: Shutting down and abandoning module ProceduralMeshComponentEditor (394)
[2018.08.30-14.54.51:897][841]LogModuleManager: Shutting down and abandoning module ProceduralMeshComponent (392)
[2018.08.30-14.54.51:897][841]LogModuleManager: Shutting down and abandoning module OculusInput (390)
[2018.08.30-14.54.51:897][841]LogModuleManager: Shutting down and abandoning module MobilePatchingUtils (388)
[2018.08.30-14.54.51:897][841]LogModuleManager: Shutting down and abandoning module EditableMesh (386)
[2018.08.30-14.54.51:897][841]LogModuleManager: Shutting down and abandoning module CustomMeshComponent (384)
[2018.08.30-14.54.51:897][841]LogModuleManager: Shutting down and abandoning module CableComponent (382)
[2018.08.30-14.54.51:897][841]LogModuleManager: Shutting down and abandoning module AudioCapture (380)
[2018.08.30-14.54.51:897][841]LogModuleManager: Shutting down and abandoning module ArchVisCharacter (378)
[2018.08.30-14.54.51:897][841]LogModuleManager: Shutting down and abandoning module AndroidPermission (376)
[2018.08.30-14.54.51:897][841]LogModuleManager: Shutting down and abandoning module NUTUnrealEngine4 (374)
[2018.08.30-14.54.51:897][841]LogModuleManager: Shutting down and abandoning module NetcodeUnitTest (372)
[2018.08.30-14.54.51:897][841]LogModuleManager: Shutting down and abandoning module MediaCompositingEditor (370)
[2018.08.30-14.54.51:897][841]LogModuleManager: Shutting down and abandoning module MediaCompositing (368)
[2018.08.30-14.54.51:897][841]LogModuleManager: Shutting down and abandoning module LinearTimecode (366)
[2018.08.30-14.54.51:897][841]LogModuleManager: Shutting down and abandoning module ImgMedia (364)
[2018.08.30-14.54.51:901][841]LogModuleManager: Shutting down and abandoning module HTML5Networking (362)
[2018.08.30-14.54.51:901][841]LogModuleManager: Shutting down and abandoning module GeometryCacheTracks (360)
[2018.08.30-14.54.51:901][841]LogModuleManager: Shutting down and abandoning module GeometryCacheSequencer (358)
[2018.08.30-14.54.51:901][841]LogModuleManager: Shutting down and abandoning module BackChannel (356)
[2018.08.30-14.54.51:901][841]LogModuleManager: Shutting down and abandoning module AppleVision (354)
[2018.08.30-14.54.51:901][841]LogModuleManager: Shutting down and abandoning module AppleImageUtils (352)
[2018.08.30-14.54.51:901][841]LogModuleManager: Shutting down and abandoning module AlembicImporter (350)
[2018.08.30-14.54.51:901][841]LogModuleManager: Shutting down and abandoning module AlembicLibrary (349)
[2018.08.30-14.54.51:901][841]LogModuleManager: Shutting down and abandoning module GeometryCache (348)
[2018.08.30-14.54.51:901][841]LogModuleManager: Shutting down and abandoning module GeometryCacheEd (347)
[2018.08.30-14.54.51:901][841]LogModuleManager: Shutting down and abandoning module DatasmithContentEditor (342)
[2018.08.30-14.54.51:901][841]LogModuleManager: Shutting down and abandoning module DatasmithContent (340)
[2018.08.30-14.54.51:901][841]LogModuleManager: Shutting down and abandoning module SpeedTreeImporter (338)
[2018.08.30-14.54.51:901][841]LogModuleManager: Shutting down and abandoning module PluginBrowser (336)
[2018.08.30-14.54.51:901][841]LogModuleManager: Shutting down and abandoning module MobileLauncherProfileWizard (334)
[2018.08.30-14.54.51:901][841]LogModuleManager: Shutting down and abandoning module PolygonModeling (332)
[2018.08.30-14.54.51:901][841]LogModuleManager: Shutting down and abandoning module MeshEditor (330)
[2018.08.30-14.54.51:901][841]LogModuleManager: Shutting down and abandoning module CryptoKeysOpenSSL (328)
[2018.08.30-14.54.51:901][841]LogModuleManager: Shutting down and abandoning module CryptoKeys (326)
[2018.08.30-14.54.51:901][841]LogModuleManager: Shutting down and abandoning module VisualStudioSourceCodeAccess (324)
[2018.08.30-14.54.51:901][841]LogModuleManager: Shutting down and abandoning module VisualStudioCodeSourceCodeAccess (322)
[2018.08.30-14.54.51:901][841]LogModuleManager: Shutting down and abandoning module UObjectPlugin (320)
[2018.08.30-14.54.51:901][841]LogModuleManager: Shutting down and abandoning module SubversionSourceControl (318)
[2018.08.30-14.54.51:901][841]LogModuleManager: Shutting down and abandoning module PerforceSourceControl (316)
[2018.08.30-14.54.51:901][841]LogModuleManager: Shutting down and abandoning module GitSourceControl (314)
[2018.08.30-14.54.51:901][841]LogModuleManager: Shutting down and abandoning module SourceControl (313)
[2018.08.30-14.54.51:901][841]LogModuleManager: Shutting down and abandoning module CLionSourceCodeAccess (310)
[2018.08.30-14.54.51:902][841]LogModuleManager: Shutting down and abandoning module LightPropagationVolumeEditor (308)
[2018.08.30-14.54.51:902][841]LogModuleManager: Shutting down and abandoning module PaperTiledImporter (306)
[2018.08.30-14.54.51:902][841]LogModuleManager: Shutting down and abandoning module PaperSpriteSheetImporter (304)
[2018.08.30-14.54.51:902][841]LogModuleManager: Shutting down and abandoning module Paper2DEditor (302)
[2018.08.30-14.54.51:902][841]LogModuleManager: Shutting down and abandoning module MeshPaint (301)
[2018.08.30-14.54.51:902][841]LogModuleManager: Shutting down and abandoning module RuntimePhysXCooking (298)
[2018.08.30-14.54.51:902][841]LogModuleManager: Shutting down and abandoning module PhysXVehiclesEditor (296)
[2018.08.30-14.54.51:902][841]LogModuleManager: Shutting down and abandoning module PhysXVehicles (294)
[2018.08.30-14.54.51:902][841]LogModuleManager: Shutting down and abandoning module OculusEditor (292)
[2018.08.30-14.54.51:902][841]LogModuleManager: Shutting down and abandoning module LocationServicesBPLibrary (290)
[2018.08.30-14.54.51:902][841]LogModuleManager: Shutting down and abandoning module ImmediatePhysicsEditor (288)
[2018.08.30-14.54.51:902][841]LogModuleManager: Shutting down and abandoning module ImmediatePhysics (286)
[2018.08.30-14.54.51:902][841]LogModuleManager: Shutting down and abandoning module ActorSequence (284)
[2018.08.30-14.54.51:902][841]LogModuleManager: Shutting down and abandoning module UdpMessaging (282)
[2018.08.30-14.54.52:002][841]LogModuleManager: Shutting down and abandoning module TcpMessaging (280)
[2018.08.30-14.54.52:103][841]LogModuleManager: Shutting down and abandoning module MagicLeapAudio (278)
[2018.08.30-14.54.52:103][841]LogModuleManager: Shutting down and abandoning module GameplayTagsEditor (276)
[2018.08.30-14.54.52:103][841]LogModuleManager: Shutting down and abandoning module FacialAnimationEditor (274)
[2018.08.30-14.54.52:103][841]LogModuleManager: Shutting down and abandoning module FacialAnimation (272)
[2018.08.30-14.54.52:103][841]LogModuleManager: Shutting down and abandoning module DataValidation (270)
[2018.08.30-14.54.52:103][841]LogModuleManager: Shutting down and abandoning module AssetManagerEditor (268)
[2018.08.30-14.54.52:103][841]LogModuleManager: Shutting down and abandoning module LevelEditor (267)
[2018.08.30-14.54.52:104][841]LogModuleManager: Shutting down and abandoning module PixelInspectorModule (266)
[2018.08.30-14.54.52:104][841]LogModuleManager: Shutting down and abandoning module CommonMenuExtensions (264)
[2018.08.30-14.54.52:104][841]LogModuleManager: Shutting down and abandoning module MainFrame (262)
[2018.08.30-14.54.52:104][841]LogModuleManager: Shutting down and abandoning module HotReload (261)
[2018.08.30-14.54.52:104][841]LogModuleManager: Shutting down and abandoning module ContentBrowser (257)
[2018.08.30-14.54.52:105][841]LogModuleManager: Shutting down and abandoning module TreeMap (255)
[2018.08.30-14.54.52:105][841]LogModuleManager: Shutting down and abandoning module LightPropagationVolumeRuntime (252)
[2018.08.30-14.54.52:105][841]LogModuleManager: Shutting down and abandoning module AISupportModule (250)
[2018.08.30-14.54.52:105][841]LogModuleManager: Shutting down and abandoning module Paper2D (248)
[2018.08.30-14.54.52:105][841]LogModuleManager: Shutting down and abandoning module WindowsMoviePlayer (246)
[2018.08.30-14.54.52:105][841]LogModuleManager: Shutting down and abandoning module WmfMedia (244)
[2018.08.30-14.54.52:106][841]LogModuleManager: Shutting down and abandoning module Media (243)
[2018.08.30-14.54.52:112][841]LogModuleManager: Shutting down and abandoning module PacketHandler (240)
[2018.08.30-14.54.52:112][841]LogModuleManager: Shutting down and abandoning module ClothingSystemEditor (238)
[2018.08.30-14.54.52:112][841]LogModuleManager: Shutting down and abandoning module ClothingSystemRuntime (236)
[2018.08.30-14.54.52:112][841]LogModuleManager: Shutting down and abandoning module MediaAssets (234)
[2018.08.30-14.54.52:112][841]LogModuleManager: Shutting down and abandoning module Overlay (232)
[2018.08.30-14.54.52:112][841]LogModuleManager: Shutting down and abandoning module OverlayEditor (231)
[2018.08.30-14.54.52:112][841]LogModuleManager: Shutting down and abandoning module VREditor (228)
[2018.08.30-14.54.52:112][841]LogModuleManager: Shutting down and abandoning module StringTableEditor (226)
[2018.08.30-14.54.52:112][841]LogModuleManager: Shutting down and abandoning module GameplayTasksEditor (224)
[2018.08.30-14.54.52:112][841]LogModuleManager: Shutting down and abandoning module BehaviorTreeEditor (222)
[2018.08.30-14.54.52:112][841]LogModuleManager: Shutting down and abandoning module FunctionalTesting (220)
[2018.08.30-14.54.52:113][841]LogModuleManager: Shutting down and abandoning module CollisionAnalyzer (218)
[2018.08.30-14.54.52:113][841]LogModuleManager: Shutting down and abandoning module WorkspaceMenuStructure (217)
[2018.08.30-14.54.52:113][841]LogModuleManager: Shutting down and abandoning module UMG (214)
[2018.08.30-14.54.52:113][841]LogModuleManager: Shutting down and abandoning module UMGEditor (213)
[2018.08.30-14.54.52:113][841]LogModuleManager: Shutting down and abandoning module Sequencer (212)
[2018.08.30-14.54.52:113][841]LogModuleManager: Shutting down and abandoning module MessageLog (209)
[2018.08.30-14.54.52:113][841]LogModuleManager: Shutting down and abandoning module SlateReflector (204)
[2018.08.30-14.54.52:113][841]LogModuleManager: Shutting down and abandoning module Slate (202)
[2018.08.30-14.54.52:113][841]LogModuleManager: Shutting down and abandoning module EditorStyle (200)
[2018.08.30-14.54.52:114][841]LogModuleManager: Shutting down and abandoning module MRMesh (198)
[2018.08.30-14.54.52:114][841]LogModuleManager: Shutting down and abandoning module SourceCodeAccess (196)
[2018.08.30-14.54.52:115][841]LogModuleManager: Shutting down and abandoning module HeadMountedDisplay (194)
[2018.08.30-14.54.52:115][841]LogModuleManager: Shutting down and abandoning module XAudio2 (192)
[2018.08.30-14.54.52:115][841]LogModuleManager: Shutting down and abandoning module Networking (190)
[2018.08.30-14.54.52:115][841]LogModuleManager: Shutting down and abandoning module Core (188)
[2018.08.30-14.54.52:115][841]LogModuleManager: Shutting down and abandoning module LevelSequence (186)
[2018.08.30-14.54.52:115][841]LogModuleManager: Shutting down and abandoning module KismetCompiler (184)
[2018.08.30-14.54.52:115][841]LogModuleManager: Shutting down and abandoning module MeshUtilities (182)
[2018.08.30-14.54.52:115][841]LogModuleManager: Shutting down and abandoning module MeshMergeUtilities (181)
[2018.08.30-14.54.52:115][841]LogModuleManager: Shutting down and abandoning module MeshReductionInterface (180)
[2018.08.30-14.54.52:115][841]LogModuleManager: Shutting down and abandoning module SimplygonSwarm (179)
[2018.08.30-14.54.52:115][841]LogModuleManager: Shutting down and abandoning module ProxyLODMeshReduction (177)
[2018.08.30-14.54.52:115][841]LogModuleManager: Shutting down and abandoning module SimplygonMeshReduction (175)
[2018.08.30-14.54.52:115][841]LogModuleManager: Shutting down and abandoning module QuadricMeshReduction (173)
[2018.08.30-14.54.52:115][841]LogModuleManager: Shutting down and abandoning module MaterialBaking (169)
[2018.08.30-14.54.52:115][841]LogModuleManager: Shutting down and abandoning module DirectoryWatcher (165)
[2018.08.30-14.54.52:116][841]LogModuleManager: Shutting down and abandoning module DerivedDataCache (162)
[2018.08.30-14.54.52:134][841]LogDerivedDataCache: Shutdown
[2018.08.30-14.54.52:134][841]LogModuleManager: Shutting down and abandoning module XGEController (160)
[2018.08.30-14.54.52:134][841]LogXGEController: Cleaning working directory: C:/Users/Mert/AppData/Local/Temp/UnrealXGEWorkingDir/
[2018.08.30-14.54.52:135][841]LogModuleManager: Shutting down and abandoning module TargetPlatform (158)
[2018.08.30-14.54.52:135][841]LogModuleManager: Shutting down and abandoning module VulkanShaderFormat (157)
[2018.08.30-14.54.52:135][841]LogModuleManager: Shutting down and abandoning module ShaderFormatVectorVM (155)
[2018.08.30-14.54.52:135][841]LogModuleManager: Shutting down and abandoning module ShaderFormatOpenGL (153)
[2018.08.30-14.54.52:135][841]LogModuleManager: Shutting down and abandoning module ShaderFormatD3D (151)
[2018.08.30-14.54.52:135][841]LogModuleManager: Shutting down and abandoning module MetalShaderFormat (149)
[2018.08.30-14.54.52:135][841]LogModuleManager: Shutting down and abandoning module TextureFormatUncompressed (147)
[2018.08.30-14.54.52:135][841]LogModuleManager: Shutting down and abandoning module TextureFormatPVR (145)
[2018.08.30-14.54.52:135][841]LogModuleManager: Shutting down and abandoning module TextureFormatDXT (143)
[2018.08.30-14.54.52:135][841]LogModuleManager: Shutting down and abandoning module TextureFormatIntelISPCTexComp (141)
[2018.08.30-14.54.52:135][841]LogModuleManager: Shutting down and abandoning module TextureFormatASTC (139)
[2018.08.30-14.54.52:135][841]LogModuleManager: Shutting down and abandoning module ImageWrapper (138)
[2018.08.30-14.54.52:135][841]LogModuleManager: Shutting down and abandoning module TextureFormatAndroid (135)
[2018.08.30-14.54.52:135][841]LogModuleManager: Shutting down and abandoning module AudioFormatOpus (133)
[2018.08.30-14.54.52:135][841]LogModuleManager: Shutting down and abandoning module AudioFormatOgg (131)
[2018.08.30-14.54.52:135][841]LogModuleManager: Shutting down and abandoning module AudioFormatADPCM (129)
[2018.08.30-14.54.52:135][841]LogModuleManager: Shutting down and abandoning module LuminTargetPlatform (127)
[2018.08.30-14.54.52:135][841]LogModuleManager: Shutting down and abandoning module LinuxTargetPlatform (125)
[2018.08.30-14.54.52:135][841]LogModuleManager: Shutting down and abandoning module LinuxServerTargetPlatform (123)
[2018.08.30-14.54.52:135][841]LogModuleManager: Shutting down and abandoning module LinuxNoEditorTargetPlatform (121)
[2018.08.30-14.54.52:135][841]LogModuleManager: Shutting down and abandoning module LinuxClientTargetPlatform (119)
[2018.08.30-14.54.52:135][841]LogModuleManager: Shutting down and abandoning module TVOSTargetPlatform (117)
[2018.08.30-14.54.52:136][841]LogModuleManager: Shutting down and abandoning module Messaging (115)
[2018.08.30-14.54.52:136][841]LogModuleManager: Shutting down and abandoning module IOSTargetPlatform (113)
[2018.08.30-14.54.52:137][841]LogModuleManager: Shutting down and abandoning module HTML5TargetPlatform (111)
[2018.08.30-14.54.52:137][841]LogModuleManager: Shutting down and abandoning module AndroidTargetPlatform (109)
[2018.08.30-14.54.52:143][841]LogModuleManager: Shutting down and abandoning module WindowsTargetPlatform (107)
[2018.08.30-14.54.52:143][841]LogModuleManager: Shutting down and abandoning module WindowsServerTargetPlatform (105)
[2018.08.30-14.54.52:143][841]LogModuleManager: Shutting down and abandoning module WindowsNoEditorTargetPlatform (103)
[2018.08.30-14.54.52:143][841]LogModuleManager: Shutting down and abandoning module WindowsClientTargetPlatform (101)
[2018.08.30-14.54.52:143][841]LogModuleManager: Shutting down and abandoning module MacTargetPlatform (99)
[2018.08.30-14.54.52:143][841]LogModuleManager: Shutting down and abandoning module MacServerTargetPlatform (97)
[2018.08.30-14.54.52:143][841]LogModuleManager: Shutting down and abandoning module MacNoEditorTargetPlatform (95)
[2018.08.30-14.54.52:143][841]LogModuleManager: Shutting down and abandoning module MacClientTargetPlatform (93)
[2018.08.30-14.54.52:143][841]LogModuleManager: Shutting down and abandoning module AllDesktopTargetPlatform (91)
[2018.08.30-14.54.52:143][841]LogModuleManager: Shutting down and abandoning module InputCore (88)
[2018.08.30-14.54.52:143][841]LogModuleManager: Shutting down and abandoning module Settings (86)
[2018.08.30-14.54.52:143][841]LogModuleManager: Shutting down and abandoning module PhysXCooking (84)
[2018.08.30-14.54.52:143][841]LogModuleManager: Shutting down and abandoning module SteamVR (82)
[2018.08.30-14.54.52:143][841]LogModuleManager: Shutting down and abandoning module OculusHMD (80)
[2018.08.30-14.54.52:143][841]LogModuleManager: Shutting down and abandoning module ExampleDeviceProfileSelector (78)
[2018.08.30-14.54.52:143][841]LogModuleManager: Shutting down and abandoning module LauncherChunkInstaller (76)
[2018.08.30-14.54.52:143][841]LogModuleManager: Shutting down and abandoning module OnlineBlueprintSupport (74)
[2018.08.30-14.54.52:143][841]LogModuleManager: Shutting down and abandoning module OnlineSubsystem (70)
[2018.08.30-14.54.52:144][841]LogModuleManager: Shutting down and abandoning module XMPP (65)
[2018.08.30-14.54.52:144][841]LogModuleManager: Shutting down and abandoning module WebSockets (64)
[2018.08.30-14.54.52:152][841]LogModuleManager: Shutting down and abandoning module HTTP (61)
[2018.08.30-14.54.52:152][841]LogHttp: Display: Http module shutting down, but needs to wait on 1 outstanding Http requests:
[2018.08.30-14.54.52:152][841]LogHttp: Display: 	verb=[POST] url=[https://datarouter.ol.epicgames.com/datarouter/api/v1/public/data?SessionID=%7BF7ED5E23-42EF-4063-723D-DFB3E04F51F9%7D&AppID=UEEditor.Rocket.Release&AppVersion=4.20.1-4233996%2B%2B%2BUE4%2BRelease-4.20&UserID=5fad80e24c98b1554875d785a1599385%7Ca35bcef0c2824c92b86f572989de7342%7C461361ab-c876-4b39-b9de-5d8136042a88&AppEnvironment=datacollector-binary&UploadType=eteventstream] status=Processing
[2018.08.30-14.54.52:172][841]LogModuleManager: Shutting down and abandoning module SSL (60)
[2018.08.30-14.54.52:173][841]LogModuleManager: Shutting down and abandoning module MagicLeapEmulator (56)
[2018.08.30-14.54.52:173][841]LogModuleManager: Shutting down and abandoning module MagicLeapPrivileges (54)
[2018.08.30-14.54.52:173][841]LogModuleManager: Shutting down and abandoning module MagicLeapIdentity (52)
[2018.08.30-14.54.52:173][841]LogModuleManager: Shutting down and abandoning module MagicLeapHelperVulkan (50)
[2018.08.30-14.54.52:173][841]LogModuleManager: Shutting down and abandoning module MagicLeapHelperOpenGL (48)
[2018.08.30-14.54.52:173][841]LogModuleManager: Shutting down and abandoning module MagicLeapSecureStorage (46)
[2018.08.30-14.54.52:173][841]LogModuleManager: Shutting down and abandoning module MagicLeapGestures (44)
[2018.08.30-14.54.52:173][841]LogModuleManager: Shutting down and abandoning module MagicLeapEyeTracker (42)
[2018.08.30-14.54.52:173][841]LogModuleManager: Shutting down and abandoning module MagicLeapController (40)
[2018.08.30-14.54.52:201][841]LogSlate: Slate User Destroyed.  User Index 0, Is Virtual User: 0
[2018.08.30-14.54.52:201][841]LogModuleManager: Shutting down and abandoning module MagicLeap (38)
[2018.08.30-14.54.52:201][841]LogModuleManager: Shutting down and abandoning module AnimationModifiers (36)
[2018.08.30-14.54.52:201][841]LogModuleManager: Shutting down and abandoning module PropertyEditor (35)
[2018.08.30-14.54.52:201][841]LogModuleManager: Shutting down and abandoning module AudioEditor (32)
[2018.08.30-14.54.52:201][841]LogModuleManager: Shutting down and abandoning module TextureCompressor (30)
[2018.08.30-14.54.52:201][841]LogModuleManager: Shutting down and abandoning module ShaderCore (28)
[2018.08.30-14.54.52:201][841]LogModuleManager: Shutting down and abandoning module Landscape (26)
[2018.08.30-14.54.52:201][841]LogModuleManager: Shutting down and abandoning module SlateRHIRenderer (24)
[2018.08.30-14.54.52:202][841]LogModuleManager: Shutting down and abandoning module OpenGLDrv (22)
[2018.08.30-14.54.52:202][841]LogModuleManager: Shutting down and abandoning module D3D11RHI (20)
[2018.08.30-14.54.52:202][841]LogModuleManager: Shutting down and abandoning module AnimGraphRuntime (18)
[2018.08.30-14.54.52:202][841]LogModuleManager: Shutting down and abandoning module Renderer (16)
[2018.08.30-14.54.52:202][841]LogModuleManager: Shutting down and abandoning module Engine (14)
[2018.08.30-14.54.52:202][841]LogModuleManager: Shutting down and abandoning module CoreUObject (12)
[2018.08.30-14.54.52:202][841]LogModuleManager: Shutting down and abandoning module NetworkFile (10)
[2018.08.30-14.54.52:202][841]LogModuleManager: Shutting down and abandoning module CookedIterativeFile (8)
[2018.08.30-14.54.52:202][841]LogModuleManager: Shutting down and abandoning module StreamingFile (6)
[2018.08.30-14.54.52:202][841]LogModuleManager: Shutting down and abandoning module SandboxFile (4)
[2018.08.30-14.54.52:202][841]LogModuleManager: Shutting down and abandoning module PakFile (2)
[2018.08.30-14.54.52:208][841]LogExit: Exiting.
[2018.08.30-14.54.52:223][841]Log file closed, 08/30/18 17:54:52
