Log file open, 08/30/18 17:55:10
LogWindows: Failed to load 'aqProf.dll' (GetLastError=126)
LogWindows: File 'aqProf.dll' does not exist
LogWindows: Failed to load 'VSPerf140.dll' (GetLastError=126)
LogWindows: File 'VSPerf140.dll' does not exist
LogWindows: Failed to load 'VtuneApi.dll' (GetLastError=126)
LogWindows: File 'VtuneApi.dll' does not exist
LogWindows: Failed to load 'VtuneApi32e.dll' (GetLastError=126)
LogWindows: File 'VtuneApi32e.dll' does not exist
LogInit: Display: Running engine for game: Sparrow
LogPlatformFile: Not using cached read wrapper
LogTaskGraph: Started task graph with 5 named threads and 23 total threads with 3 sets of task threads.
LogStats: Stats thread started at 0.278004
LogD3D11RHI: Loaded GFSDK_Aftermath_Lib.x64.dll
LogICUInternationalization: Display: ICU TimeZone Detection - Raw Offset: +2:00, Platform Override: ''
LogPluginManager: Mounting plugin Paper2D
LogPluginManager: Mounting plugin AISupport
LogPluginManager: Mounting plugin LightPropagationVolume
LogPluginManager: Mounting plugin CLionSourceCodeAccess
LogPluginManager: Mounting plugin CodeLiteSourceCodeAccess
LogPluginManager: Mounting plugin GitSourceControl
LogPluginManager: Mounting plugin KDevelopSourceCodeAccess
LogPluginManager: Mounting plugin NullSourceCodeAccess
LogPluginManager: Mounting plugin PerforceSourceControl
LogPluginManager: Mounting plugin SubversionSourceControl
LogPluginManager: Mounting plugin UObjectPlugin
LogPluginManager: Mounting plugin VisualStudioCodeSourceCodeAccess
LogPluginManager: Mounting plugin VisualStudioSourceCodeAccess
LogPluginManager: Mounting plugin XCodeSourceCodeAccess
LogPluginManager: Mounting plugin AssetManagerEditor
LogPluginManager: Mounting plugin CryptoKeys
LogPluginManager: Mounting plugin DataValidation
LogPluginManager: Mounting plugin FacialAnimation
LogPluginManager: Mounting plugin GameplayTagsEditor
LogPluginManager: Mounting plugin MacGraphicsSwitching
LogPluginManager: Mounting plugin MeshEditor
LogPluginManager: Mounting plugin MobileLauncherProfileWizard
LogPluginManager: Mounting plugin PluginBrowser
LogPluginManager: Mounting plugin SpeedTreeImporter
LogPluginManager: Mounting plugin DatasmithContent
LogPluginManager: Mounting plugin AlembicImporter
LogPluginManager: Mounting plugin AppleImageUtils
LogPluginManager: Mounting plugin AppleVision
LogPluginManager: Mounting plugin BackChannel
LogPluginManager: Mounting plugin CharacterAI
LogPluginManager: Mounting plugin GeometryCache
LogPluginManager: Mounting plugin HTML5Networking
LogPluginManager: Mounting plugin ProxyLODPlugin
LogPluginManager: Mounting plugin MagicLeap
LogPluginManager: Mounting plugin MagicLeapEmulator
LogPluginManager: Mounting plugin MagicLeapMedia
LogPluginManager: Mounting plugin AndroidMedia
LogPluginManager: Mounting plugin AvfMedia
LogPluginManager: Mounting plugin ImgMedia
LogPluginManager: Mounting plugin LinearTimecode
LogPluginManager: Mounting plugin MediaCompositing
LogPluginManager: Mounting plugin MediaPlayerEditor
LogPluginManager: Mounting plugin WmfMedia
LogPluginManager: Mounting plugin TcpMessaging
LogPluginManager: Mounting plugin UdpMessaging
LogPluginManager: Mounting plugin ActorSequence
LogPluginManager: Mounting plugin LevelSequenceEditor
LogPluginManager: Mounting plugin MatineeToLevelSequence
LogPluginManager: Mounting plugin NetcodeUnitTest
LogPluginManager: Mounting plugin NUTUnrealEngine4
LogPluginManager: Mounting plugin OnlineSubsystemGooglePlay
LogPluginManager: Mounting plugin OnlineSubsystemIOS
LogPluginManager: Mounting plugin OnlineSubsystem
LogPluginManager: Mounting plugin OnlineSubsystemNull
LogPluginManager: Mounting plugin OnlineSubsystemUtils
LogPluginManager: Mounting plugin LauncherChunkInstaller
LogPluginManager: Mounting plugin AndroidDeviceProfileSelector
LogPluginManager: Mounting plugin AndroidMoviePlayer
LogPluginManager: Mounting plugin AndroidPermission
LogPluginManager: Mounting plugin AppleMoviePlayer
LogPluginManager: Mounting plugin ArchVisCharacter
LogPluginManager: Mounting plugin AudioCapture
LogPluginManager: Mounting plugin CableComponent
LogPluginManager: Mounting plugin CustomMeshComponent
LogPluginManager: Mounting plugin EditableMesh
LogPluginManager: Mounting plugin ExampleDeviceProfileSelector
LogPluginManager: Mounting plugin GoogleCloudMessaging
LogPluginManager: Mounting plugin ImmediatePhysics
LogPluginManager: Mounting plugin IOSDeviceProfileSelector
LogPluginManager: Mounting plugin LinuxDeviceProfileSelector
LogPluginManager: Mounting plugin LocationServicesBPLibrary
LogPluginManager: Mounting plugin MobilePatchingUtils
LogPluginManager: Mounting plugin OculusVR
LogPluginManager: Plugin shader directory ../../../Engine/Plugins/Runtime/Oculus/OculusVR/Shaders found
LogPluginManager: Mapping shader source directory ../../../Engine/Plugins/Runtime/Oculus/OculusVR/Shaders to virtual directory /Plugin/OculusVR
LogPluginManager: Mounting plugin PhysXVehicles
LogPluginManager: Mounting plugin ProceduralMeshComponent
LogPluginManager: Mounting plugin RuntimePhysXCooking
LogPluginManager: Mounting plugin SteamVR
LogPluginManager: Mounting plugin WindowsMoviePlayer
LogStreaming: Display: Took  0.054s to configure plugins.
LogInit: Using libcurl 7.55.1-DEV
LogInit:  - built for x86_64-pc-win32
LogInit:  - supports SSL with OpenSSL/1.0.2h
LogInit:  - supports HTTP deflate (compression) using libz 1.2.8
LogInit:  - other features:
LogInit:      CURL_VERSION_SSL
LogInit:      CURL_VERSION_LIBZ
LogInit:      CURL_VERSION_IPV6
LogInit:      CURL_VERSION_ASYNCHDNS
LogInit:      CURL_VERSION_LARGEFILE
LogInit:      CURL_VERSION_IDN
LogInit:  CurlRequestOptions (configurable via config and command line):
LogInit:  - bVerifyPeer = false  - Libcurl will NOT verify peer certificate
LogInit:  - bUseHttpProxy = false  - Libcurl will NOT use HTTP proxy
LogInit:  - bDontReuseConnections = false  - Libcurl will reuse connections
LogInit:  - CertBundlePath = nullptr  - Libcurl will use whatever was configured at build time.
LogInit:  - MaxHostConnections = 16  - Libcurl will limit the number of connections to a host
LogInit:  - LocalHostAddr = Default
LogInit:  - BufferSize = 65536
LogInit: WinSock: version 1.1 (2.2), MaxSocks=32767, MaxUdp=65467
LogInit: Build: ++UE4+Release-4.20-CL-4233996
LogInit: Engine Version: 4.20.1-4233996+++UE4+Release-4.20
LogInit: Compatible Engine Version: 4.20.0-4212847+++UE4+Release-4.20
LogInit: Net CL: 4212847
LogInit: OS: Windows 10 (), CPU: Intel(R) Core(TM) i7-4720HQ CPU @ 2.60GHz, GPU: Intel(R) HD Graphics 4600
LogInit: Compiled (64-bit): Jul 26 2018 10:07:30
LogInit: Compiled with Visual C++: 19.13.26129.00
LogInit: Build Configuration: Development
LogInit: Branch Name: ++UE4+Release-4.20
LogInit: Command Line:  
LogInit: Base Directory: C:/Program Files/Epic Games/UE_4.20/Engine/Binaries/Win64/
LogInit: Installed Engine Build: 1
LogDevObjectVersion: Number of dev versions registered: 20
LogDevObjectVersion:   Dev-Blueprints (B0D832E4-1F89-4F0D-ACCF-7EB736FD4AA2): 10
LogDevObjectVersion:   Dev-Build (E1C64328-A22C-4D53-A36C-8E866417BD8C): 0
LogDevObjectVersion:   Dev-Core (375EC13C-06E4-48FB-B500-84F0262A717E): 2
LogDevObjectVersion:   Dev-Editor (E4B068ED-F494-42E9-A231-DA0B2E46BB41): 24
LogDevObjectVersion:   Dev-Framework (CFFC743F-43B0-4480-9391-14DF171D2073): 34
LogDevObjectVersion:   Dev-Mobile (B02B49B5-BB20-44E9-A304-32B752E40360): 2
LogDevObjectVersion:   Dev-Networking (A4E4105C-59A1-49B5-A7C5-40C4547EDFEE): 0
LogDevObjectVersion:   Dev-Online (39C831C9-5AE6-47DC-9A44-9C173E1C8E7C): 0
LogDevObjectVersion:   Dev-Physics (78F01B33-EBEA-4F98-B9B4-84EACCB95AA2): 0
LogDevObjectVersion:   Dev-Platform (6631380F-2D4D-43E0-8009-CF276956A95A): 0
LogDevObjectVersion:   Dev-Rendering (12F88B9F-8875-4AFC-A67C-D90C383ABD29): 26
LogDevObjectVersion:   Dev-Sequencer (7B5AE74C-D270-4C10-A958-57980B212A5A): 9
LogDevObjectVersion:   Dev-VR (D7296918-1DD6-4BDD-9DE2-64A83CC13884): 2
LogDevObjectVersion:   Dev-LoadTimes (C2A15278-BFE7-4AFE-6C17-90FF531DF755): 1
LogDevObjectVersion:   Private-Geometry (6EACA3D4-40EC-4CC1-B786-8BED09428FC5): 3
LogDevObjectVersion:   Dev-AnimPhys (29E575DD-E0A3-4627-9D10-D276232CDCEA): 17
LogDevObjectVersion:   Dev-ReflectionCapture (6B266CEC-1EC7-4B8F-A30B-E4D90942FC07): 1
LogDevObjectVersion:   Dev-Automation (0DF73D61-A23F-47EA-B727-89E90C41499A): 1
LogDevObjectVersion:   FortniteMain (601D1886-AC64-4F84-AA16-D3DE0DEAC7D6): 12
LogDevObjectVersion:   Dev-Enterprise (9DFFBCD6-494F-0158-E221-12823C92A888): 1
LogStreaming: Display: Took  0.000s to delete old logs.
LogInit: Presizing for max 8388607 objects, including 0 objects not considered by GC, pre-allocating 0 bytes for permanent pool.
LogInit: Object subsystem initialized
[2018.08.30-14.55.10:645][  0]LogInit: Selected Device Profile: [Windows]
[2018.08.30-14.55.10:645][  0]LogInit: Applying CVar settings loaded from the selected device profile: [Windows]
[2018.08.30-14.55.10:657][  0]LogHAL: Display: Platform has ~ 12 GB [12768567296 / 17179869184 / 12], which maps to Larger [LargestMinGB=32, LargerMinGB=12, DefaultMinGB=8, SmallerMinGB=6, SmallestMinGB=0)
[2018.08.30-14.55.10:657][  0]LogInit: Setting Device Profile CVar: [[r.Vulkan.UseRealUBs:1]]
[2018.08.30-14.55.10:657][  0]LogInit: Going up to parent DeviceProfile []
[2018.08.30-14.55.10:657][  0]LogInit: Computer: DESKTOP-IL0TK65
[2018.08.30-14.55.10:657][  0]LogInit: User: Mert
[2018.08.30-14.55.10:657][  0]LogInit: CPU Page size=4096, Cores=4
[2018.08.30-14.55.10:657][  0]LogInit: High frequency timer resolution =2.533208 MHz
[2018.08.30-14.55.10:658][  0]LogMemory: Memory total: Physical=11.9GB (12GB approx)
[2018.08.30-14.55.10:658][  0]LogMemory: Platform Memory Stats for Windows
[2018.08.30-14.55.10:658][  0]LogMemory: Process Physical Memory: 99.45 MB used, 99.45 MB peak
[2018.08.30-14.55.10:658][  0]LogMemory: Process Virtual Memory: 91.06 MB used, 91.06 MB peak
[2018.08.30-14.55.10:658][  0]LogMemory: Physical Memory: 4689.59 MB used,  7487.46 MB free, 12177.05 MB total
[2018.08.30-14.55.10:658][  0]LogMemory: Virtual Memory: 4640.10 MB used,  7487.46 MB free, 134217728.00 MB total
[2018.08.30-14.55.10:672][  0]LogInit: Using OS detected language (tr-TR).
[2018.08.30-14.55.10:672][  0]LogInit: Using OS detected locale (tr-TR).
[2018.08.30-14.55.10:673][  0]LogTextLocalizationManager: No localization for 'tr-TR' exists, so 'en' will be used for the language.
[2018.08.30-14.55.11:040][  0]LogStreaming: Display: Took  0.369s to InitEngineTextLocalization.
[2018.08.30-14.55.11:040][  0]LogInit: Setting process to per monitor DPI aware
[2018.08.30-14.55.11:073][  0]LogSlate: New Slate User Created.  User Index 0, Is Virtual User: 0
[2018.08.30-14.55.11:073][  0]LogSlate: Slate User Registered.  User Index 0, Is Virtual User: 0
[2018.08.30-14.55.11:260][  0]LogHMD: Failed to initialize OpenVR with code 110
[2018.08.30-14.55.11:260][  0]LogD3D11RHI: D3D11 adapters:
[2018.08.30-14.55.11:709][  0]LogD3D11RHI:    0. 'NVIDIA GeForce GTX 950M' (Feature Level 11_0)
[2018.08.30-14.55.11:709][  0]LogD3D11RHI:       4055/0/6088 MB DedicatedVideo/DedicatedSystem/SharedSystem, Outputs:1, VendorId:0x10de
[2018.08.30-14.55.11:714][  0]LogD3D11RHI:    1. 'Intel(R) HD Graphics 4600' (Feature Level 11_0)
[2018.08.30-14.55.11:714][  0]LogD3D11RHI:       112/0/2048 MB DedicatedVideo/DedicatedSystem/SharedSystem, Outputs:0, VendorId:0x8086
[2018.08.30-14.55.11:716][  0]LogD3D11RHI:    2. 'Microsoft Basic Render Driver' (Feature Level 11_0)
[2018.08.30-14.55.11:716][  0]LogD3D11RHI:       0/0/6088 MB DedicatedVideo/DedicatedSystem/SharedSystem, Outputs:0, VendorId:0x1414
[2018.08.30-14.55.11:716][  0]LogD3D11RHI: Chosen D3D11 Adapter: 0
[2018.08.30-14.55.11:731][  0]LogD3D11RHI: Creating new Direct3DDevice
[2018.08.30-14.55.11:731][  0]LogD3D11RHI:     GPU DeviceId: 0x139a (for the marketing name, search the web for "GPU Device Id")
[2018.08.30-14.55.11:731][  0]LogWindows: EnumDisplayDevices:
[2018.08.30-14.55.11:731][  0]LogWindows:    0. 'Intel(R) HD Graphics 4600' (P:1 D:1)
[2018.08.30-14.55.11:731][  0]LogWindows:    1. 'Intel(R) HD Graphics 4600' (P:0 D:0)
[2018.08.30-14.55.11:731][  0]LogWindows:    2. 'Intel(R) HD Graphics 4600' (P:0 D:0)
[2018.08.30-14.55.11:731][  0]LogWindows: DebugString: PrimaryIsNotTheChoosenAdapter PrimaryIsNotTheChoosenAdapter PrimaryIsNotTheChoosenAdapter FoundDriverCount:0 
[2018.08.30-14.55.11:731][  0]LogD3D11RHI:     Adapter Name: NVIDIA GeForce GTX 950M
[2018.08.30-14.55.11:731][  0]LogD3D11RHI:   Driver Version: Unknown (internal:Unknown, unified:Unknown)
[2018.08.30-14.55.11:731][  0]LogD3D11RHI:      Driver Date: Unknown
[2018.08.30-14.55.11:732][  0]LogRHI: Texture pool is 2839 MB (70% of 4055 MB)
[2018.08.30-14.55.11:760][  0]LogD3D11RHI: Async texture creation enabled
[2018.08.30-14.55.11:776][  0]LogD3D11RHI: GPU Timing Frequency: 1000.000000 (Debug: 2 2)
[2018.08.30-14.55.11:776][  0]LogShaderCompilers: Guid format shader working directory is 5 characters bigger than the processId version (D:/UnrealProject/SparrowGame/SparrowGame/Intermediate/Shaders/WorkingDirectory/9856/).
[2018.08.30-14.55.11:776][  0]LogShaderCompilers: Cleaned the shader compiler working directory 'C:/Users/Mert/AppData/Local/Temp/UnrealShaderWorkingDir/7A2B828847C7ACA47F25DA80DAF1BE77/'.
[2018.08.30-14.55.12:095][  0]LogTemp: Display: Loaded TP AllDesktopTargetPlatform
[2018.08.30-14.55.12:108][  0]LogTemp: Display: Loaded TP MacClientTargetPlatform
[2018.08.30-14.55.12:121][  0]LogTemp: Display: Loaded TP MacNoEditorTargetPlatform
[2018.08.30-14.55.12:134][  0]LogTemp: Display: Loaded TP MacServerTargetPlatform
[2018.08.30-14.55.12:148][  0]LogTemp: Display: Loaded TP MacTargetPlatform
[2018.08.30-14.55.12:161][  0]LogTemp: Display: Loaded TP WindowsClientTargetPlatform
[2018.08.30-14.55.12:173][  0]LogTemp: Display: Loaded TP WindowsNoEditorTargetPlatform
[2018.08.30-14.55.12:186][  0]LogTemp: Display: Loaded TP WindowsServerTargetPlatform
[2018.08.30-14.55.12:192][  0]LogTemp: Display: Loaded TP WindowsTargetPlatform
[2018.08.30-14.55.12:266][  0]LogTemp: Display: Loaded TP AndroidTargetPlatform
[2018.08.30-14.55.12:266][  0]LogTemp: Display: Loaded TP AndroidTargetPlatform
[2018.08.30-14.55.12:266][  0]LogTemp: Display: Loaded TP AndroidTargetPlatform
[2018.08.30-14.55.12:266][  0]LogTemp: Display: Loaded TP AndroidTargetPlatform
[2018.08.30-14.55.12:266][  0]LogTemp: Display: Loaded TP AndroidTargetPlatform
[2018.08.30-14.55.12:266][  0]LogTemp: Display: Loaded TP AndroidTargetPlatform
[2018.08.30-14.55.12:266][  0]LogTemp: Display: Loaded TP AndroidTargetPlatform
[2018.08.30-14.55.12:266][  0]LogTemp: Display: Loaded TP AndroidTargetPlatform
[2018.08.30-14.55.12:266][  0]LogTemp: Display: Loaded TP AndroidTargetPlatform
[2018.08.30-14.55.12:266][  0]LogTemp: Display: Loaded TP AndroidTargetPlatform
[2018.08.30-14.55.12:266][  0]LogTemp: Display: Loaded TP AndroidTargetPlatform
[2018.08.30-14.55.12:266][  0]LogTemp: Display: Loaded TP AndroidTargetPlatform
[2018.08.30-14.55.12:266][  0]LogTemp: Display: Loaded TP AndroidTargetPlatform
[2018.08.30-14.55.12:266][  0]LogTemp: Display: Loaded TP AndroidTargetPlatform
[2018.08.30-14.55.12:266][  0]LogTemp: Display: Loaded TP AndroidTargetPlatform
[2018.08.30-14.55.12:266][  0]LogTemp: Display: Loaded TP AndroidTargetPlatform
[2018.08.30-14.55.12:266][  0]LogTemp: Display: Loaded TP AndroidTargetPlatform
[2018.08.30-14.55.12:266][  0]LogTemp: Display: Loaded TP AndroidTargetPlatform
[2018.08.30-14.55.12:267][  0]LogTemp: Display: Loaded TP HTML5TargetPlatform
[2018.08.30-14.55.12:325][  0]LogTemp: Display: Loaded TP IOSTargetPlatform
[2018.08.30-14.55.12:325][  0]LogTemp: Display: Loaded TP IOSTargetPlatform
[2018.08.30-14.55.12:348][  0]LogTemp: Display: Loaded TP TVOSTargetPlatform
[2018.08.30-14.55.12:348][  0]LogTemp: Display: Loaded TP TVOSTargetPlatform
[2018.08.30-14.55.12:360][  0]LogTemp: Display: Loaded TP LinuxClientTargetPlatform
[2018.08.30-14.55.12:372][  0]LogTemp: Display: Loaded TP LinuxNoEditorTargetPlatform
[2018.08.30-14.55.12:384][  0]LogTemp: Display: Loaded TP LinuxServerTargetPlatform
[2018.08.30-14.55.12:396][  0]LogTemp: Display: Loaded TP LinuxTargetPlatform
[2018.08.30-14.55.12:405][  0]LogTemp: Display: Loaded TP LuminTargetPlatform
[2018.08.30-14.55.12:405][  0]LogTargetPlatformManager: Display: Building Assets For Windows
[2018.08.30-14.55.12:462][  0]LogXGEController: Cleaning working directory: C:/Users/Mert/AppData/Local/Temp/UnrealXGEWorkingDir/
[2018.08.30-14.55.12:462][  0]LogXGEController: Cannot use XGE Controller as Incredibuild is not installed on this machine.
[2018.08.30-14.55.12:462][  0]LogShaderCompilers: Cannot use XGE Shader Compiler as Incredibuild is not installed on this machine.
[2018.08.30-14.55.12:462][  0]LogShaderCompilers: Display: Using Local Shader Compiler.
[2018.08.30-14.55.13:228][  0]LogDerivedDataCache: Display: Max Cache Size: 512 MB
[2018.08.30-14.55.13:284][  0]LogDerivedDataCache: Loaded boot cache 0.06s 71MB C:/Users/Mert/AppData/Local/UnrealEngine/4.20/DerivedDataCache/Boot.ddc.
[2018.08.30-14.55.13:285][  0]LogDerivedDataCache: Display: Loaded Boot cache: C:/Users/Mert/AppData/Local/UnrealEngine/4.20/DerivedDataCache/Boot.ddc
[2018.08.30-14.55.13:285][  0]LogDerivedDataCache: FDerivedDataBackendGraph:  Pak pak cache file D:/UnrealProject/SparrowGame/SparrowGame/DerivedDataCache/DDC.ddp not found, will not use a pak cache.
[2018.08.30-14.55.13:285][  0]LogDerivedDataCache: Unable to find inner node Pak for hierarchical cache Hierarchy.
[2018.08.30-14.55.13:285][  0]LogDerivedDataCache: FDerivedDataBackendGraph:  CompressedPak pak cache file D:/UnrealProject/SparrowGame/SparrowGame/DerivedDataCache/Compressed.ddp not found, will not use a pak cache.
[2018.08.30-14.55.13:285][  0]LogDerivedDataCache: Unable to find inner node CompressedPak for hierarchical cache Hierarchy.
[2018.08.30-14.55.13:298][  0]LogDerivedDataCache: Display: Pak cache opened for reading ../../../Engine/DerivedDataCache/Compressed.ddp.
[2018.08.30-14.55.13:310][  0]LogDerivedDataCache: Using Local data cache path C:/Users/Mert/AppData/Local/UnrealEngine/Common/DerivedDataCache: Writable
[2018.08.30-14.55.13:310][  0]LogDerivedDataCache: Shared data cache path not found in *engine.ini, will not use an Shared cache.
[2018.08.30-14.55.13:310][  0]LogDerivedDataCache: Unable to find inner node Shared for hierarchical cache Hierarchy.
[2018.08.30-14.55.13:329][  0]LogMaterial: Verifying Global Shaders for PCD3D_SM5
[2018.08.30-14.55.13:330][  0]LogSlate: Using FreeType 2.6.0
[2018.08.30-14.55.13:331][  0]LogSlate: SlateFontServices - WITH_FREETYPE: 1, WITH_HARFBUZZ: 1
[2018.08.30-14.55.13:406][  0]LogAssetRegistry: FAssetRegistry took 0.0259 seconds to start up
[2018.08.30-14.55.13:716][  0]LogInit: Selected Device Profile: [Windows]
[2018.08.30-14.55.13:847][  0]LogSimplygon: Simplygon DLL not present - disabling.
[2018.08.30-14.55.13:851][  0]LogMeshReduction: Using SimplygonSwarm for distributed automatic mesh merging
[2018.08.30-14.55.13:851][  0]LogMeshReduction: Using ProxyLODMeshReduction for automatic mesh merging
[2018.08.30-14.55.13:851][  0]LogMeshReduction: Using QuadricMeshReduction for automatic static mesh reduction
[2018.08.30-14.55.13:851][  0]LogMeshReduction: No automatic skeletal mesh reduction module available
[2018.08.30-14.55.13:864][  0]LogNetVersion: Sparrow 1.0.0, NetCL: 4212847, EngineNetVer: 5, GameNetVer: 0 (Checksum: 1476433335)
[2018.08.30-14.55.14:297][  0]LogPackageLocalizationCache: Processed 11 localized package path(s) for 1 prioritized culture(s) in 0.044279 seconds
[2018.08.30-14.55.14:306][  0]LogUObjectArray: 38425 objects as part of root set at end of initial load.
[2018.08.30-14.55.14:306][  0]LogUObjectAllocator: 6690864 out of 0 bytes used by permanent object pool.
[2018.08.30-14.55.14:306][  0]LogUObjectArray: CloseDisregardForGC: 0/0 objects in disregard for GC pool
[2018.08.30-14.55.15:114][  0]LogTcpMessaging: Initializing TcpMessaging bridge
[2018.08.30-14.55.15:127][  0]LogUdpMessaging: Initializing bridge on interface 0.0.0.0:0 to multicast group 230.0.0.1:6666.
[2018.08.30-14.55.15:277][  0]SourceControl: Source control is disabled
[2018.08.30-14.55.15:277][  0]SourceControl: Source control is disabled
[2018.08.30-14.55.15:278][  0]SourceControl: Source control is disabled
[2018.08.30-14.55.15:279][  0]SourceControl: Source control is disabled
[2018.08.30-14.55.15:456][  0]LogAndroidPermission: UAndroidPermissionCallbackProxy::GetInstance
[2018.08.30-14.55.15:506][  0]LogOcInput: OculusInput pre-init called
[2018.08.30-14.55.15:565][  0]LogEngine: Initializing Engine...
[2018.08.30-14.55.15:566][  0]LogHMD: Failed to initialize OpenVR with code 110
[2018.08.30-14.55.15:567][  0]LogStats: UGameplayTagsManager::ConstructGameplayTagTree: ImportINI prefixes -  0.000 s
[2018.08.30-14.55.15:567][  0]LogStats: UGameplayTagsManager::ConstructGameplayTagTree: Construct from data asset -  0.000 s
[2018.08.30-14.55.15:567][  0]LogStats: UGameplayTagsManager::ConstructGameplayTagTree: ImportINI -  0.000 s
[2018.08.30-14.55.15:567][  0]LogStats: UGameplayTagsManager::ConstructGameplayTagTree: GameplayTagTreeChangedEvent.Broadcast -  0.000 s
[2018.08.30-14.55.15:769][  0]LogInit: Initializing FReadOnlyCVARCache
[2018.08.30-14.55.15:782][  0]LogAIModule: Creating AISystem for world Untitled
[2018.08.30-14.55.15:793][  0]LogInit: XAudio2 using 'Kulaklıklar (MDR-ZX220BT Stereo)' : 2 channels at 44.1 kHz using 16 bits per sample (channel mask 0x3)
[2018.08.30-14.55.15:802][  0]LogInit: FAudioDevice initialized.
[2018.08.30-14.55.15:803][  0]LogNetVersion: Set ProjectVersion to 1.0.0.0. Version Checksum will be recalculated on next use.
[2018.08.30-14.55.16:033][  0]LogDerivedDataCache: Saved boot cache 0.23s 71MB C:/Users/Mert/AppData/Local/UnrealEngine/4.20/DerivedDataCache/Boot.ddc.
[2018.08.30-14.55.16:045][  0]LogInit: Texture streaming: Enabled
[2018.08.30-14.55.16:063][  0]LogEngineSessionManager: EngineSessionManager initialized
[2018.08.30-14.55.16:074][  0]LogInit: Transaction tracking system initialized
[2018.08.30-14.55.16:096][  0]BlueprintLog: New page: Editor Load
[2018.08.30-14.55.16:172][  0]LocalizationService: Localization service is disabled
[2018.08.30-14.55.16:664][  0]LogCook: Display: Max memory allowance for cook 16384mb min free memory 0mb
[2018.08.30-14.55.16:664][  0]LogCook: Display: Mobile HDR setting 1
[2018.08.30-14.55.16:664][  0]LogGameplayTags: Display: UGameplayTagsManager::DoneAddingNativeTags. DelegateIsBound: 0
[2018.08.30-14.55.16:664][  0]LogStats: UGameplayTagsManager::ConstructGameplayTagTree: ImportINI prefixes -  0.000 s
[2018.08.30-14.55.16:664][  0]LogStats: UGameplayTagsManager::ConstructGameplayTagTree: Construct from data asset -  0.000 s
[2018.08.30-14.55.16:664][  0]LogStats: UGameplayTagsManager::ConstructGameplayTagTree: ImportINI -  0.000 s
[2018.08.30-14.55.16:664][  0]LogStats: UGameplayTagsManager::ConstructGameplayTagTree: GameplayTagTreeChangedEvent.Broadcast -  0.000 s
[2018.08.30-14.55.16:789][  0]LogFileCache: Scanning file cache for directory 'D:/UnrealProject/SparrowGame/SparrowGame/Content/' took 0.01s
[2018.08.30-14.55.16:789][  0]SourceControl: Source control is disabled
[2018.08.30-14.55.16:789][  0]Cmd: MAP LOAD FILE="../../../Engine/Content/Maps/Templates/Template_Default.umap" TEMPLATE=1 SHOWPROGRESS=1 FEATURELEVEL=3
[2018.08.30-14.55.16:789][  0]LightingResults: New page: Lighting Build
[2018.08.30-14.55.16:793][  0]MapCheck: New page: Map Check
[2018.08.30-14.55.16:793][  0]LightingResults: New page: Lighting Build
[2018.08.30-14.55.16:987][  0]LogAIModule: Creating AISystem for world Untitled_1
[2018.08.30-14.55.16:993][  0]LogEditorServer: Finished looking for orphan Actors (0.000 secs)
[2018.08.30-14.55.17:014][  0]Cmd: MAP CHECKDEP NOCLEARLOG
[2018.08.30-14.55.17:072][  0]MapCheck: Map check complete: 0 Error(s), 0 Warning(s), took 57,908ms to complete.
[2018.08.30-14.55.17:072][  0]LogFileHelpers: Loading map 'Template_Default' took 0.283
[2018.08.30-14.55.17:157][  0]LogSlate: Updating window title bar state: overlay mode, drag disabled, window buttons hidden, title bar hidden
[2018.08.30-14.55.17:165][  0]LogSlate: Updating window title bar state: overlay mode, drag disabled, window buttons hidden, title bar hidden
[2018.08.30-14.55.17:172][  0]LogSlate: Updating window title bar state: overlay mode, drag disabled, window buttons hidden, title bar hidden
[2018.08.30-14.55.17:180][  0]LogSlate: Updating window title bar state: overlay mode, drag disabled, window buttons hidden, title bar hidden
[2018.08.30-14.55.17:186][  0]LogCollectionManager: Loaded 0 collections in 0.001625 seconds
[2018.08.30-14.55.17:225][  0]LogFileCache: Scanning file cache for directory 'D:/UnrealProject/SparrowGame/SparrowGame/Saved/Collections/' took 0.01s
[2018.08.30-14.55.17:225][  0]LogFileCache: Scanning file cache for directory 'D:/UnrealProject/SparrowGame/SparrowGame/Content/Developers/Mert/Collections/' took 0.01s
[2018.08.30-14.55.17:225][  0]LogFileCache: Scanning file cache for directory 'D:/UnrealProject/SparrowGame/SparrowGame/Content/Collections/' took 0.01s
[2018.08.30-14.55.17:225][  0]LogCollectionManager: Rebuilt the GUID cache for 0 collections in 0.000001 seconds
[2018.08.30-14.55.17:235][  0]LogContentBrowser: Native class hierarchy populated in 0.0096 seconds. Added 2572 classes and 603 folders.
[2018.08.30-14.55.17:241][  0]LogContentBrowser: Native class hierarchy updated for 'WidgetCarousel' in 0.0002 seconds. Added 0 classes and 0 folders.
[2018.08.30-14.55.17:282][  0]LogContentBrowser: Native class hierarchy updated for 'AddContentDialog' in 0.0002 seconds. Added 0 classes and 0 folders.
[2018.08.30-14.55.17:287][  0]LogContentBrowser: Native class hierarchy updated for 'SceneOutliner' in 0.0003 seconds. Added 1 classes and 2 folders.
[2018.08.30-14.55.17:350][  0]LogSlate: Took 0.000313 seconds to synchronously load lazily loaded font '../../../Engine/Content/Slate/Fonts/Roboto-Regular.ttf' (155K)
[2018.08.30-14.55.17:357][  0]LogSlate: Took 0.000198 seconds to synchronously load lazily loaded font '../../../Engine/Content/Slate/Fonts/Roboto-Bold.ttf' (160K)
[2018.08.30-14.55.17:360][  0]LogSlate: Took 0.000191 seconds to synchronously load lazily loaded font '../../../Engine/Content/Editor/Slate/Fonts/FontAwesome.ttf' (139K)
[2018.08.30-14.55.17:424][  0]LogRenderer: Reallocating scene render targets to support 932x280 Format 10 NumSamples 1 (Frame:1).
[2018.08.30-14.55.17:605][  0]LogContentBrowser: Native class hierarchy updated for 'HierarchicalLODOutliner' in 0.0008 seconds. Added 0 classes and 0 folders.
[2018.08.30-14.55.17:605][  0]LogLoad: (Engine Initialization) Total time: 8.52 seconds
[2018.08.30-14.55.17:605][  0]LogLoad: (Engine Initialization) Total Blueprint compile time: 0.00 seconds
[2018.08.30-14.55.17:622][  0]LogWindowsTextInputMethodSystem: Display: IME system now deactivated.
[2018.08.30-14.55.17:642][  0]LogContentStreaming: Texture pool size now 3000 MB
[2018.08.30-14.55.17:690][  0]LogRenderer: Reallocating scene render targets to support 932x288 Format 10 NumSamples 1 (Frame:2).
[2018.08.30-14.55.17:690][  0]LogSlate: Took 0.000229 seconds to synchronously load lazily loaded font '../../../Engine/Content/Slate/Fonts/Roboto-Light.ttf' (167K)
[2018.08.30-14.55.17:919][  1]LogAssetRegistry: Asset discovery search completed in 4.5352 seconds
[2018.08.30-14.55.17:921][  1]LogCollectionManager: Rebuilt the object cache for 0 collections in 0.000000 seconds (found 0 objects)
[2018.08.30-14.55.17:921][  1]LogCollectionManager: Fixed up redirectors for 0 collections in 0.000051 seconds (updated 0 objects)
[2018.08.30-14.55.27:580][153]LogSlate: FSceneViewport::OnFocusLost() reason 0
[2018.08.30-14.56.09:197][ 74]LogSlate: Took 0.000223 seconds to synchronously load lazily loaded font '../../../Engine/Content/Slate/Fonts/Roboto-Light.ttf' (167K)
[2018.08.30-14.56.09:205][ 74]LogAssetEditorManager: Opening Asset editor for Blueprint /Game/Bluprints/Characters/ThirdPersonBP/Blueprints/ThirdPersonCharacter.ThirdPersonCharacter
[2018.08.30-14.56.09:736][ 74]LogContentBrowser: Native class hierarchy updated for 'BlueprintGraph' in 0.0007 seconds. Added 116 classes and 0 folders.
[2018.08.30-14.56.10:682][ 74]LogSlate: Took 0.072536 seconds to synchronously load lazily loaded font '../../../Engine/Content/Slate/Fonts/Roboto-BoldCondensed.ttf' (158K)
[2018.08.30-14.56.11:101][ 75]LogSlate: Took 0.005973 seconds to synchronously load lazily loaded font '../../../Engine/Content/Slate/Fonts/Roboto-Italic.ttf' (157K)
[2018.08.30-14.56.14:234][329]LogRenderer: Reallocating scene render targets to support 932x444 Format 10 NumSamples 1 (Frame:1).
[2018.08.30-14.56.16:133][481]LogSlate: Window 'ThirdPersonCharacter' being destroyed
[2018.08.30-14.56.20:101][817]LogSlate: FSceneViewport::OnFocusLost() reason 0
[2018.08.30-14.56.20:199][828]LogTemp: Repeating last play command: Selected Viewport
[2018.08.30-14.56.20:220][828]LogPlayLevel: PlayLevel: No blueprints needed recompiling
[2018.08.30-14.56.20:238][828]PIE: New page: PIE session: Untitled_1 (30 Ağu 2018 20:56:20)
[2018.08.30-14.56.20:238][828]LogPlayLevel: Creating play world package: /Temp/UEDPIE_0_Untitled_1
[2018.08.30-14.56.20:242][828]LogPlayLevel: PIE: StaticDuplicateObject took: (0.003166s)
[2018.08.30-14.56.20:243][828]LogAIModule: Creating AISystem for world Untitled_1
[2018.08.30-14.56.20:243][828]LogPlayLevel: PIE: World Init took: (0.001100s)
[2018.08.30-14.56.20:243][828]LogPlayLevel: PIE: Created PIE world by copying editor world from /Temp/Untitled_1.Untitled_1 to /Temp/UEDPIE_0_Untitled_1.Untitled_1 (0.004455s)
[2018.08.30-14.56.20:359][828]LogInit: XAudio2 using 'Kulaklıklar (MDR-ZX220BT Stereo)' : 2 channels at 44.1 kHz using 16 bits per sample (channel mask 0x3)
[2018.08.30-14.56.20:369][828]LogInit: FAudioDevice initialized.
[2018.08.30-14.56.20:418][828]LogLoad: Game class is 'GameModeBase'
[2018.08.30-14.56.20:422][828]LogWorld: Bringing World /Temp/UEDPIE_0_Untitled_1.Untitled_1 up for play (max tick rate 0) at 2018.08.30-17.56.20
[2018.08.30-14.56.20:543][828]LogWorld: Bringing up level for play took: 0.122843
[2018.08.30-14.56.20:561][828]LogContentBrowser: Native class hierarchy updated for 'MovieSceneCapture' in 0.0003 seconds. Added 10 classes and 0 folders.
[2018.08.30-14.56.20:579][828]PIE: Play in editor start time for /Temp/UEDPIE_0_Untitled_1 1,316
[2018.08.30-14.56.21:754][957]LogSlate: Updating window title bar state: overlay mode, drag disabled, window buttons hidden, title bar hidden
[2018.08.30-14.56.21:827][957]LogPlayLevel: Display: Shutting down PIE online subsystems
[2018.08.30-14.56.21:853][957]LogSlate: Updating window title bar state: overlay mode, drag disabled, window buttons hidden, title bar hidden
[2018.08.30-14.56.21:868][958]LogPlayLevel: Display: Destroying online subsystem :Context_3
[2018.08.30-14.56.23:713][176]LogTemp: Repeating last play command: Selected Viewport
[2018.08.30-14.56.23:731][176]LogPlayLevel: PlayLevel: No blueprints needed recompiling
[2018.08.30-14.56.23:731][176]PIE: New page: PIE session: Untitled_1 (30 Ağu 2018 20:56:23)
[2018.08.30-14.56.23:731][176]LogPlayLevel: Creating play world package: /Temp/UEDPIE_0_Untitled_1
[2018.08.30-14.56.23:734][176]LogPlayLevel: PIE: StaticDuplicateObject took: (0.002804s)
[2018.08.30-14.56.23:735][176]LogAIModule: Creating AISystem for world Untitled_1
[2018.08.30-14.56.23:735][176]LogPlayLevel: PIE: World Init took: (0.000866s)
[2018.08.30-14.56.23:735][176]LogPlayLevel: PIE: Created PIE world by copying editor world from /Temp/Untitled_1.Untitled_1 to /Temp/UEDPIE_0_Untitled_1.Untitled_1 (0.003816s)
[2018.08.30-14.56.23:773][176]LogInit: XAudio2 using 'Kulaklıklar (MDR-ZX220BT Stereo)' : 2 channels at 44.1 kHz using 16 bits per sample (channel mask 0x3)
[2018.08.30-14.56.23:780][176]LogInit: FAudioDevice initialized.
[2018.08.30-14.56.23:854][176]LogLoad: Game class is 'GameModeBase'
[2018.08.30-14.56.23:856][176]LogWorld: Bringing World /Temp/UEDPIE_0_Untitled_1.Untitled_1 up for play (max tick rate 0) at 2018.08.30-17.56.23
[2018.08.30-14.56.23:856][176]LogWorld: Bringing up level for play took: 0.001424
[2018.08.30-14.56.23:869][176]PIE: Play in editor start time for /Temp/UEDPIE_0_Untitled_1 0,607
[2018.08.30-14.56.27:627][618]LogSlate: Updating window title bar state: overlay mode, drag disabled, window buttons hidden, title bar hidden
[2018.08.30-14.56.27:665][618]LogPlayLevel: Display: Shutting down PIE online subsystems
[2018.08.30-14.56.27:697][618]LogSlate: Updating window title bar state: overlay mode, drag disabled, window buttons hidden, title bar hidden
[2018.08.30-14.56.27:733][620]LogPlayLevel: Display: Destroying online subsystem :Context_4
[2018.08.30-14.56.32:220][127]LogEditorViewport: Clicking on Actor (LMB): ThirdPersonCharacter_C (ThirdPersonCharacter)
[2018.08.30-14.56.33:036][211]Cmd: DELETE
[2018.08.30-14.56.33:036][211]Cmd: ACTOR DELETE
[2018.08.30-14.56.33:311][211]LogEditorActor: Deleted Actor: ThirdPersonCharacter_C
[2018.08.30-14.56.33:362][211]LogEditorActor: Deleted 1 Actors (0.065 secs)
[2018.08.30-14.56.35:244][433]LogEditorViewport: Clicking on Actor (LMB): StaticMeshActor (Floor)
[2018.08.30-14.56.42:237][222]LogEditorViewport: Clicking on Actor (LMB): StaticMeshActor (Floor)
[2018.08.30-14.56.44:375][453]LogEditorViewport: Clicking on Actor (LMB): PlayerStart (Player Start)
[2018.08.30-14.56.46:365][687]LogSlate: FSceneViewport::OnFocusLost() reason 0
[2018.08.30-14.57.05:421][803]LogSlate: FSceneViewport::OnFocusLost() reason 0
[2018.08.30-14.57.07:850][894]LogSlate: Window 'Delete Assets' being destroyed
[2018.08.30-14.57.22:558][538]LogMetaData: Removing '/Game/Bluprints/Characters/ThirdPersonCharacter.ThirdPersonCharacter_C' ref from Metadata '/Game/Bluprints/Characters/ThirdPersonBP/Blueprints/ThirdPersonCharacter.PackageMetaData'
[2018.08.30-14.57.22:558][538]LogMetaData: Removing '/Game/Bluprints/Characters/ThirdPersonCharacter.SKEL_ThirdPersonCharacter_C:InpAxisEvt_LookUp_K2Node_InputAxisEvent_40' ref from Metadata '/Game/Bluprints/Characters/ThirdPersonBP/Blueprints/ThirdPersonCharacter.PackageMetaData'
[2018.08.30-14.57.22:558][538]LogMetaData: Removing '/Game/Bluprints/Characters/ThirdPersonCharacter.SKEL_ThirdPersonCharacter_C:InpAxisEvt_Turn_K2Node_InputAxisEvent_47' ref from Metadata '/Game/Bluprints/Characters/ThirdPersonBP/Blueprints/ThirdPersonCharacter.PackageMetaData'
[2018.08.30-14.57.22:558][538]LogMetaData: Removing '/Game/Bluprints/Characters/ThirdPersonCharacter.SKEL_ThirdPersonCharacter_C:InpAxisEvt_MoveForward_K2Node_InputAxisEvent_79' ref from Metadata '/Game/Bluprints/Characters/ThirdPersonBP/Blueprints/ThirdPersonCharacter.PackageMetaData'
[2018.08.30-14.57.22:558][538]LogMetaData: Removing '/Game/Bluprints/Characters/ThirdPersonCharacter.SKEL_ThirdPersonCharacter_C:InpAxisEvt_MoveRight_K2Node_InputAxisEvent_90' ref from Metadata '/Game/Bluprints/Characters/ThirdPersonBP/Blueprints/ThirdPersonCharacter.PackageMetaData'
[2018.08.30-14.57.22:558][538]LogMetaData: Removing '/Game/Bluprints/Characters/ThirdPersonCharacter.SKEL_ThirdPersonCharacter_C:InpAxisEvt_TurnRate_K2Node_InputAxisEvent_38' ref from Metadata '/Game/Bluprints/Characters/ThirdPersonBP/Blueprints/ThirdPersonCharacter.PackageMetaData'
[2018.08.30-14.57.22:558][538]LogMetaData: Removing '/Game/Bluprints/Characters/ThirdPersonCharacter.SKEL_ThirdPersonCharacter_C:InpAxisEvt_LookUpRate_K2Node_InputAxisEvent_53' ref from Metadata '/Game/Bluprints/Characters/ThirdPersonBP/Blueprints/ThirdPersonCharacter.PackageMetaData'
[2018.08.30-14.57.22:558][538]LogMetaData: Removing '/Game/Bluprints/Characters/ThirdPersonCharacter.SKEL_ThirdPersonCharacter_C:BaseLookUpRate' ref from Metadata '/Game/Bluprints/Characters/ThirdPersonBP/Blueprints/ThirdPersonCharacter.PackageMetaData'
[2018.08.30-14.57.22:558][538]LogMetaData: Removing '/Game/Bluprints/Characters/ThirdPersonCharacter.SKEL_ThirdPersonCharacter_C:BaseTurnRate' ref from Metadata '/Game/Bluprints/Characters/ThirdPersonBP/Blueprints/ThirdPersonCharacter.PackageMetaData'
[2018.08.30-14.57.22:558][538]LogMetaData: Removing '/Game/Bluprints/Characters/ThirdPersonCharacter.SKEL_ThirdPersonCharacter_C:CameraBoom' ref from Metadata '/Game/Bluprints/Characters/ThirdPersonBP/Blueprints/ThirdPersonCharacter.PackageMetaData'
[2018.08.30-14.57.22:558][538]LogMetaData: Removing '/Game/Bluprints/Characters/ThirdPersonCharacter.SKEL_ThirdPersonCharacter_C:FollowCamera' ref from Metadata '/Game/Bluprints/Characters/ThirdPersonBP/Blueprints/ThirdPersonCharacter.PackageMetaData'
[2018.08.30-14.57.22:558][538]LogMetaData: Removing '/Game/Bluprints/Characters/ThirdPersonCharacter.SKEL_ThirdPersonCharacter_C:UserConstructionScript' ref from Metadata '/Game/Bluprints/Characters/ThirdPersonBP/Blueprints/ThirdPersonCharacter.PackageMetaData'
[2018.08.30-14.57.22:558][538]LogMetaData: Removing '/Game/Bluprints/Characters/ThirdPersonCharacter.SKEL_ThirdPersonCharacter_C' ref from Metadata '/Game/Bluprints/Characters/ThirdPersonBP/Blueprints/ThirdPersonCharacter.PackageMetaData'
[2018.08.30-14.57.22:558][538]LogMetaData: Removing '/Game/Bluprints/Characters/ThirdPersonCharacter.ThirdPersonCharacter_C:BaseLookUpRate' ref from Metadata '/Game/Bluprints/Characters/ThirdPersonBP/Blueprints/ThirdPersonCharacter.PackageMetaData'
[2018.08.30-14.57.22:558][538]LogMetaData: Removing '/Game/Bluprints/Characters/ThirdPersonCharacter.ThirdPersonCharacter_C:BaseTurnRate' ref from Metadata '/Game/Bluprints/Characters/ThirdPersonBP/Blueprints/ThirdPersonCharacter.PackageMetaData'
[2018.08.30-14.57.22:558][538]LogMetaData: Removing '/Game/Bluprints/Characters/ThirdPersonCharacter.ThirdPersonCharacter_C:CameraBoom' ref from Metadata '/Game/Bluprints/Characters/ThirdPersonBP/Blueprints/ThirdPersonCharacter.PackageMetaData'
[2018.08.30-14.57.22:558][538]LogMetaData: Removing '/Game/Bluprints/Characters/ThirdPersonCharacter.ThirdPersonCharacter_C:FollowCamera' ref from Metadata '/Game/Bluprints/Characters/ThirdPersonBP/Blueprints/ThirdPersonCharacter.PackageMetaData'
[2018.08.30-14.57.22:558][538]LogMetaData: Removing '/Game/Bluprints/Characters/ThirdPersonCharacter.ThirdPersonCharacter_C:UserConstructionScript' ref from Metadata '/Game/Bluprints/Characters/ThirdPersonBP/Blueprints/ThirdPersonCharacter.PackageMetaData'
[2018.08.30-14.57.22:607][538]Cmd: OBJ SAVEPACKAGE PACKAGE="/Game/Bluprints/Characters/ThirdPersonCharacter" FILE="D:/UnrealProject/SparrowGame/SparrowGame/Content/Bluprints/Characters/ThirdPersonCharacter.uasset" SILENT=true
[2018.08.30-14.57.22:666][538]LogSavePackage: Moving 'D:/UnrealProject/SparrowGame/SparrowGame/Saved/ThirdPersonCharacterA8D0958D4E022E9356CAB284CACEE297.tmp' to 'D:/UnrealProject/SparrowGame/SparrowGame/Content/Bluprints/Characters/ThirdPersonCharacter.uasset'
[2018.08.30-14.57.38:317][975]LogMetaData: Removing '/Game/Bluprints/Characters/BasicCharacterObject.BasicCharacterObject_C' ref from Metadata '/Game/Bluprints/Characters/ThirdPersonCharacter.PackageMetaData'
[2018.08.30-14.57.38:317][975]LogMetaData: Removing '/Game/Bluprints/Characters/BasicCharacterObject.SKEL_BasicCharacterObject_C' ref from Metadata '/Game/Bluprints/Characters/ThirdPersonCharacter.PackageMetaData'
[2018.08.30-14.57.38:374][975]Cmd: OBJ SAVEPACKAGE PACKAGE="/Game/Bluprints/Characters/BasicCharacterObject" FILE="D:/UnrealProject/SparrowGame/SparrowGame/Content/Bluprints/Characters/BasicCharacterObject.uasset" SILENT=true
[2018.08.30-14.57.38:432][975]LogSavePackage: Moving 'D:/UnrealProject/SparrowGame/SparrowGame/Saved/BasicCharacterObjectA0A83DB54C20D340AB8D7390D497F974.tmp' to 'D:/UnrealProject/SparrowGame/SparrowGame/Content/Bluprints/Characters/BasicCharacterObject.uasset'
[2018.08.30-14.57.52:019][415]LogSlate: Window 'Delete Assets' being destroyed
[2018.08.30-14.58.06:548][221]LogSlate: Window 'Pick Parent Class' being destroyed
[2018.08.30-14.58.30:226][178]LogSlate: Window 'Pick Parent Class' being destroyed
[2018.08.30-14.58.54:778][836]LogSlate: Window 'Pick Parent Class' being destroyed
[2018.08.30-14.59.20:765][552]LogSlate: Window 'Pick Parent Class' being destroyed
[2018.08.30-15.02.26:772][947]LogSlate: Window 'Delete Assets' being destroyed
[2018.08.30-15.02.54:727][580]LogSlate: Window 'Pick Parent Class' being destroyed
[2018.08.30-15.03.22:468][942]LogSlate: Window 'Pick Parent Class' being destroyed
[2018.08.30-15.04.00:930][167]LogSlate: Window 'Save Level As' being destroyed
[2018.08.30-15.04.01:079][167]Cmd: OBJ SAVEPACKAGE PACKAGE="/Game/Maps/TryMap" FILE="D:/UnrealProject/SparrowGame/SparrowGame/Content/Maps/TryMap.umap" SILENT=true AUTOSAVING=false KEEPDIRTY=false
[2018.08.30-15.04.01:130][167]LogSavePackage: Moving 'D:/UnrealProject/SparrowGame/SparrowGame/Saved/TryMap3C50B0D94084A506F6304C998CE51F7C.tmp' to 'D:/UnrealProject/SparrowGame/SparrowGame/Content/Maps/TryMap.umap'
[2018.08.30-15.04.01:166][167]Cmd: OBJ SAVEPACKAGE PACKAGE="/Game/Maps/TryMap_BuiltData" FILE="D:/UnrealProject/SparrowGame/SparrowGame/Content/Maps/TryMap_BuiltData.uasset" SILENT=true
[2018.08.30-15.04.01:182][167]LogSavePackage: Moving 'D:/UnrealProject/SparrowGame/SparrowGame/Saved/TryMap_BuiltDataC114B23248CE9AB46BC828B54C87C6F8.tmp' to 'D:/UnrealProject/SparrowGame/SparrowGame/Content/Maps/TryMap_BuiltData.uasset'
[2018.08.30-15.04.01:188][167]LogFileHelpers: Saving map 'TryMap' took 0.253
[2018.08.30-15.04.01:188][167]Cmd: MAP LOAD FILE="D:/UnrealProject/SparrowGame/SparrowGame/Content/Maps/TryMap.umap" TEMPLATE=0 SHOWPROGRESS=1 FEATURELEVEL=3
[2018.08.30-15.04.01:200][167]LightingResults: New page: Lighting Build
[2018.08.30-15.04.01:200][167]LoadErrors: New page: Loading map: TryMap.umap
[2018.08.30-15.04.01:204][167]MapCheck: New page: Map Check
[2018.08.30-15.04.01:204][167]LightingResults: New page: Lighting Build
[2018.08.30-15.04.01:250][167]LogAIModule: Creating AISystem for world TryMap
[2018.08.30-15.04.01:325][167]LogEditorServer: Finished looking for orphan Actors (0.000 secs)
[2018.08.30-15.04.01:375][167]Cmd: MAP CHECKDEP NOCLEARLOG
[2018.08.30-15.04.01:445][167]MapCheck: Map check complete: 0 Error(s), 0 Warning(s), took 70,284ms to complete.
[2018.08.30-15.04.01:445][167]LogFileHelpers: Loading map 'TryMap' took 0.257
[2018.08.30-15.04.22:827][645]Cmd: OBJ SAVEPACKAGE PACKAGE="/Game/Maps/TryMap" FILE="D:/UnrealProject/SparrowGame/SparrowGame/Content/Maps/TryMap.umap" SILENT=true AUTOSAVING=false KEEPDIRTY=false
[2018.08.30-15.04.22:894][645]LogSavePackage: Moving 'D:/UnrealProject/SparrowGame/SparrowGame/Saved/TryMap71CCDB7D48DF9CC9EB5101BC5205DA1B.tmp' to 'D:/UnrealProject/SparrowGame/SparrowGame/Content/Maps/TryMap.umap'
[2018.08.30-15.04.22:917][645]Cmd: OBJ SAVEPACKAGE PACKAGE="/Game/Maps/TryMap_BuiltData" FILE="D:/UnrealProject/SparrowGame/SparrowGame/Content/Maps/TryMap_BuiltData.uasset" SILENT=true
[2018.08.30-15.04.22:938][645]LogSavePackage: Moving 'D:/UnrealProject/SparrowGame/SparrowGame/Saved/TryMap_BuiltData70AF838C42A90FB085FA859351FBC4F1.tmp' to 'D:/UnrealProject/SparrowGame/SparrowGame/Content/Maps/TryMap_BuiltData.uasset'
[2018.08.30-15.04.25:583][916]Cmd: OBJ SAVEPACKAGE PACKAGE="/Game/Bluprints/Quests/QuestManager" FILE="D:/UnrealProject/SparrowGame/SparrowGame/Content/Bluprints/Quests/QuestManager.uasset" SILENT=true
[2018.08.30-15.04.25:697][916]LogSavePackage: Moving 'D:/UnrealProject/SparrowGame/SparrowGame/Saved/QuestManager3D25FA564633E7247984F2B20FC6E39B.tmp' to 'D:/UnrealProject/SparrowGame/SparrowGame/Content/Bluprints/Quests/QuestManager.uasset'
[2018.08.30-15.04.25:702][916]Cmd: OBJ SAVEPACKAGE PACKAGE="/Game/Bluprints/Quests/BasicQuestObject" FILE="D:/UnrealProject/SparrowGame/SparrowGame/Content/Bluprints/Quests/BasicQuestObject.uasset" SILENT=true
[2018.08.30-15.04.25:713][916]LogSavePackage: Moving 'D:/UnrealProject/SparrowGame/SparrowGame/Saved/BasicQuestObjectB6612F2A4298E23B0857458CD56AA7A4.tmp' to 'D:/UnrealProject/SparrowGame/SparrowGame/Content/Bluprints/Quests/BasicQuestObject.uasset'
[2018.08.30-15.04.25:717][916]Cmd: OBJ SAVEPACKAGE PACKAGE="/Game/Bluprints/Skills/SkillManager" FILE="D:/UnrealProject/SparrowGame/SparrowGame/Content/Bluprints/Skills/SkillManager.uasset" SILENT=true
[2018.08.30-15.04.25:727][916]LogSavePackage: Moving 'D:/UnrealProject/SparrowGame/SparrowGame/Saved/SkillManager0A77B81D4486E2D6A0CD668741FC7118.tmp' to 'D:/UnrealProject/SparrowGame/SparrowGame/Content/Bluprints/Skills/SkillManager.uasset'
[2018.08.30-15.04.25:731][916]Cmd: OBJ SAVEPACKAGE PACKAGE="/Game/3dObjects/Basic3dObject" FILE="D:/UnrealProject/SparrowGame/SparrowGame/Content/3dObjects/Basic3dObject.uasset" SILENT=true
[2018.08.30-15.04.25:799][916]LogSavePackage: Moving 'D:/UnrealProject/SparrowGame/SparrowGame/Saved/Basic3dObject6341775F42C1CC23667E34AD1D5AC3DE.tmp' to 'D:/UnrealProject/SparrowGame/SparrowGame/Content/3dObjects/Basic3dObject.uasset'
[2018.08.30-15.04.25:803][916]Cmd: OBJ SAVEPACKAGE PACKAGE="/Game/Audio/BaseSound" FILE="D:/UnrealProject/SparrowGame/SparrowGame/Content/Audio/BaseSound.uasset" SILENT=true
[2018.08.30-15.04.25:813][916]LogSavePackage: Moving 'D:/UnrealProject/SparrowGame/SparrowGame/Saved/BaseSound57F3FD2A4865881F1E8779B2788DB25F.tmp' to 'D:/UnrealProject/SparrowGame/SparrowGame/Content/Audio/BaseSound.uasset'
[2018.08.30-15.04.25:818][916]Cmd: OBJ SAVEPACKAGE PACKAGE="/Game/Bluprints/Skills/BasicSkillObject" FILE="D:/UnrealProject/SparrowGame/SparrowGame/Content/Bluprints/Skills/BasicSkillObject.uasset" SILENT=true
[2018.08.30-15.04.25:828][916]LogSavePackage: Moving 'D:/UnrealProject/SparrowGame/SparrowGame/Saved/BasicSkillObjectC60E520A49A036E0C20A15828811D5B6.tmp' to 'D:/UnrealProject/SparrowGame/SparrowGame/Content/Bluprints/Skills/BasicSkillObject.uasset'
[2018.08.30-15.04.25:849][916]Cmd: OBJ SAVEPACKAGE PACKAGE="/Game/Materials/BasicMaterial" FILE="D:/UnrealProject/SparrowGame/SparrowGame/Content/Materials/BasicMaterial.uasset" SILENT=true
[2018.08.30-15.04.25:865][916]LogSavePackage: Moving 'D:/UnrealProject/SparrowGame/SparrowGame/Saved/BasicMaterialD09149A24897B1E5C8F59EA6D7932C5A.tmp' to 'D:/UnrealProject/SparrowGame/SparrowGame/Content/Materials/BasicMaterial.uasset'
[2018.08.30-15.04.25:874][916]Cmd: OBJ SAVEPACKAGE PACKAGE="/Game/ParticleSystems/BasicParticalSystem" FILE="D:/UnrealProject/SparrowGame/SparrowGame/Content/ParticleSystems/BasicParticalSystem.uasset" SILENT=true
[2018.08.30-15.04.25:883][916]LogSavePackage: Moving 'D:/UnrealProject/SparrowGame/SparrowGame/Saved/BasicParticalSystem55B060424D9FD0AF547AA39339E3CBA1.tmp' to 'D:/UnrealProject/SparrowGame/SparrowGame/Content/ParticleSystems/BasicParticalSystem.uasset'
